vaadinPush.js?v=2.7.2:3500 Vaadin push loaded
client-661F308588AD7572265EBD1D8EEA0A19.cache.js:201 Setting heartbeat interval to 300sec.
client-661F308588AD7572265EBD1D8EEA0A19.cache.js:201 Starting application ROOT-2521314
client-661F308588AD7572265EBD1D8EEA0A19.cache.js:201 Vaadin application servlet version: 2.7.2
client-661F308588AD7572265EBD1D8EEA0A19.cache.js:1033 Handling message from server
client-661F308588AD7572265EBD1D8EEA0A19.cache.js:977 Handling dependencies
client-661F308588AD7572265EBD1D8EEA0A19.cache.js:994 StateTree after applying changes:
client-661F308588AD7572265EBD1D8EEA0A19.cache.js:201 {pushConfiguration: {…}, elementData: {…}, clientDelegateHandlers: Array(0), polymerServerEventHandlers: Array(0), synchronizedPropertyEvents: Array(0), …}
client-661F308588AD7572265EBD1D8EEA0A19.cache.js:201 handleUIDLMessage: 5 ms
client-661F308588AD7572265EBD1D8EEA0A19.cache.js:201 First response processed 1617 ms after fetchStart
client-661F308588AD7572265EBD1D8EEA0A19.cache.js:201  Processing time was 195ms
client-661F308588AD7572265EBD1D8EEA0A19.cache.js:201 Sending xhr message to server: {"csrfToken":"e62883ab-68d9-43cb-9045-4b2a9a2dec1c","rpc":[{"type":"event","node":44,"event":"value-changed","data":{}},{"type":"event","node":43,"event":"value-changed","data":{}},{"type":"event","node":41,"event":"value-changed","data":{}},{"type":"event","node":40,"event":"value-changed","data":{}},{"type":"event","node":38,"event":"value-changed","data":{}},{"type":"event","node":37,"event":"value-changed","data":{}},{"type":"mSync","node":44,"feature":1,"property":"filter","value":""},{"type":"mSync","node":44,"feature":1,"property":"invalid","value":false},{"type":"mSync","node":44,"feature":1,"property":"opened","value":false},{"type":"mSync","node":43,"feature":1,"property":"filter","value":""},{"type":"mSync","node":43,"feature":1,"property":"invalid","value":false},{"type":"mSync","node":43,"feature":1,"property":"opened","value":false},{"type":"mSync","node":41,"feature":1,"property":"filter","value":""},{"type":"mSync","node":41,"feature":1,"property":"invalid","value":false},{"type":"mSync","node":41,"feature":1,"property":"opened","value":false},{"type":"mSync","node":40,"feature":1,"property":"filter","value":""},{"type":"mSync","node":40,"feature":1,"property":"invalid","value":false},{"type":"mSync","node":40,"feature":1,"property":"opened","value":false},{"type":"mSync","node":38,"feature":1,"property":"value","value":""},{"type":"mSync","node":37,"feature":1,"property":"value","value":""}],"syncId":0,"clientId":0}
client-661F308588AD7572265EBD1D8EEA0A19.cache.js:955 Establishing push connection
client-661F308588AD7572265EBD1D8EEA0A19.cache.js:201 Server visit took 188.6ms
client-661F308588AD7572265EBD1D8EEA0A19.cache.js:201 JSON parsing took 0ms
client-661F308588AD7572265EBD1D8EEA0A19.cache.js:201 Received xhr message: for(;;);[{"syncId":1,"clientId":1,"timings":[477,477]}]
client-661F308588AD7572265EBD1D8EEA0A19.cache.js:1033 Handling message from server
client-661F308588AD7572265EBD1D8EEA0A19.cache.js:977 Handling dependencies
client-661F308588AD7572265EBD1D8EEA0A19.cache.js:201 handleUIDLMessage: 0 ms
client-661F308588AD7572265EBD1D8EEA0A19.cache.js:201  Processing time was 0ms
DevTools failed to load source map: Could not load content for chrome-extension://mooikfkahbdckldjjndioackbalphokd/assets/atoms.js.map: HTTP error: status code 404, net::ERR_UNKNOWN_URL_SCHEME
DevTools failed to load source map: Could not load content for chrome-extension://mooikfkahbdckldjjndioackbalphokd/assets/polyfills.js.map: HTTP error: status code 404, net::ERR_UNKNOWN_URL_SCHEME
DevTools failed to load source map: Could not load content for chrome-extension://mooikfkahbdckldjjndioackbalphokd/assets/escape.js.map: HTTP error: status code 404, net::ERR_UNKNOWN_URL_SCHEME
DevTools failed to load source map: Could not load content for chrome-extension://mooikfkahbdckldjjndioackbalphokd/assets/playback.js.map: HTTP error: status code 404, net::ERR_UNKNOWN_URL_SCHEME
DevTools failed to load source map: Could not load content for chrome-extension://mooikfkahbdckldjjndioackbalphokd/assets/record.js.map: HTTP error: status code 404, net::ERR_UNKNOWN_URL_SCHEME
client-661F308588AD7572265EBD1D8EEA0A19.cache.js:201 Push connection established using long-polling
client-661F308588AD7572265EBD1D8EEA0A19.cache.js:201 Sending xhr message to server: {"csrfToken":"e62883ab-68d9-43cb-9045-4b2a9a2dec1c","rpc":[{"type":"publishedEventHandler","node":41,"templateEventMethodName":"setRequestedRange","templateEventMethodArgs":[0,50,""],"promise":0},{"type":"mSync","node":41,"feature":1,"property":"opened","value":true}],"syncId":1,"clientId":1}
client-661F308588AD7572265EBD1D8EEA0A19.cache.js:201 Server visit took 15.1ms
client-661F308588AD7572265EBD1D8EEA0A19.cache.js:201 JSON parsing took 0ms
client-661F308588AD7572265EBD1D8EEA0A19.cache.js:201 Received xhr message: for(;;);[{"syncId":3,"clientId":2,"execute":[["",[0,41],"return (function() { this._selectedKey=$0}).apply($1)"],[0,null,[0,41],"return (function() { this.$server['}p']($0, true, $1)}).apply($2)"],[[0,41],0,"return $0.$connector.updateSize($1)"],[[0,41],0,[1,[]],"","return $0.$connector.set($1,$2,$3)"],[[0,41],1,"","return $0.$connector.confirm($1,$2)"]],"timings":[505,9]}]
client-661F308588AD7572265EBD1D8EEA0A19.cache.js:201 Received message with server id 3 but expected 2. Postponing handling until the missing message(s) have been received
client-661F308588AD7572265EBD1D8EEA0A19.cache.js:200 Gave up waiting for message 2 from the server
pD @ client-661F308588AD7572265EBD1D8EEA0A19.cache.js:200
zj @ client-661F308588AD7572265EBD1D8EEA0A19.cache.js:361
Dr @ client-661F308588AD7572265EBD1D8EEA0A19.cache.js:989
$r @ client-661F308588AD7572265EBD1D8EEA0A19.cache.js:1037
Di @ client-661F308588AD7572265EBD1D8EEA0A19.cache.js:1037
(anonymous) @ client-661F308588AD7572265EBD1D8EEA0A19.cache.js:478
sb @ client-661F308588AD7572265EBD1D8EEA0A19.cache.js:440
vb @ client-661F308588AD7572265EBD1D8EEA0A19.cache.js:897
(anonymous) @ client-661F308588AD7572265EBD1D8EEA0A19.cache.js:623
setTimeout (async)
Fi @ client-661F308588AD7572265EBD1D8EEA0A19.cache.js:441
xi @ client-661F308588AD7572265EBD1D8EEA0A19.cache.js:700
Gr @ client-661F308588AD7572265EBD1D8EEA0A19.cache.js:1033
Hr @ client-661F308588AD7572265EBD1D8EEA0A19.cache.js:1014
Wt @ client-661F308588AD7572265EBD1D8EEA0A19.cache.js:1037
uC @ client-661F308588AD7572265EBD1D8EEA0A19.cache.js:1037
(anonymous) @ client-661F308588AD7572265EBD1D8EEA0A19.cache.js:615
sb @ client-661F308588AD7572265EBD1D8EEA0A19.cache.js:440
vb @ client-661F308588AD7572265EBD1D8EEA0A19.cache.js:897
(anonymous) @ client-661F308588AD7572265EBD1D8EEA0A19.cache.js:623
XMLHttpRequest.send (async)
sC @ client-661F308588AD7572265EBD1D8EEA0A19.cache.js:944
rC @ client-661F308588AD7572265EBD1D8EEA0A19.cache.js:578
Ot @ client-661F308588AD7572265EBD1D8EEA0A19.cache.js:968
ps @ client-661F308588AD7572265EBD1D8EEA0A19.cache.js:988
ms @ client-661F308588AD7572265EBD1D8EEA0A19.cache.js:957
rs @ client-661F308588AD7572265EBD1D8EEA0A19.cache.js:921
Ft @ client-661F308588AD7572265EBD1D8EEA0A19.cache.js:571
Jt @ client-661F308588AD7572265EBD1D8EEA0A19.cache.js:1037
Nt @ client-661F308588AD7572265EBD1D8EEA0A19.cache.js:1037
Ob @ client-661F308588AD7572265EBD1D8EEA0A19.cache.js:981
Hb @ client-661F308588AD7572265EBD1D8EEA0A19.cache.js:683
Sb @ client-661F308588AD7572265EBD1D8EEA0A19.cache.js:1037
Mb @ client-661F308588AD7572265EBD1D8EEA0A19.cache.js:209
sb @ client-661F308588AD7572265EBD1D8EEA0A19.cache.js:440
vb @ client-661F308588AD7572265EBD1D8EEA0A19.cache.js:897
(anonymous) @ client-661F308588AD7572265EBD1D8EEA0A19.cache.js:623
d @ client-661F308588AD7572265EBD1D8EEA0A19.cache.js:713
setTimeout (async)
Pb @ client-661F308588AD7572265EBD1D8EEA0A19.cache.js:714
Jb @ client-661F308588AD7572265EBD1D8EEA0A19.cache.js:716
po @ client-661F308588AD7572265EBD1D8EEA0A19.cache.js:597
Gt @ client-661F308588AD7572265EBD1D8EEA0A19.cache.js:706
vt @ client-661F308588AD7572265EBD1D8EEA0A19.cache.js:525
yt @ client-661F308588AD7572265EBD1D8EEA0A19.cache.js:905
Cv @ client-661F308588AD7572265EBD1D8EEA0A19.cache.js:1037
(anonymous) @ client-661F308588AD7572265EBD1D8EEA0A19.cache.js:995
sb @ client-661F308588AD7572265EBD1D8EEA0A19.cache.js:440
vb @ client-661F308588AD7572265EBD1D8EEA0A19.cache.js:897
(anonymous) @ client-661F308588AD7572265EBD1D8EEA0A19.cache.js:623
requestData @ comboBoxConnector.js?c659:51
comboBox.dataProvider @ comboBoxConnector.js?c659:156
_loadPage @ vaadin-combo-box-data-provider-mixin.js?a009:213
_ensureFirstPage @ vaadin-combo-box-data-provider-mixin.js?a009:142
runMethodEffect @ property-effects.js?0662:819
runEffectsForProperty @ property-effects.js?0662:157
runEffects @ property-effects.js?0662:121
_propertiesChanged @ property-effects.js?0662:1692
Dx.s._propertiesChanged @ client-661F308588AD7572265EBD1D8EEA0A19.cache.js:1037
_flushProperties @ properties-changed.js?2b39:354
_flushProperties @ property-effects.js?0662:1536
_invalidateProperties @ property-effects.js?0662:1506
_setProperty @ property-effects.js?0662:1491
Object.defineProperty.set @ properties-changed.js?2b39:153
open @ vaadin-combo-box-mixin.js?25a3:361
_onClick @ vaadin-combo-box-mixin.js?25a3:415
client-661F308588AD7572265EBD1D8EEA0A19.cache.js:781 Resynchronizing from server
client-661F308588AD7572265EBD1D8EEA0A19.cache.js:201 Sending xhr message to server: {"csrfToken":"e62883ab-68d9-43cb-9045-4b2a9a2dec1c","rpc":[],"syncId":1,"clientId":2,"resynchronize":true}
client-661F308588AD7572265EBD1D8EEA0A19.cache.js:201 Server visit took 45.4ms
client-661F308588AD7572265EBD1D8EEA0A19.cache.js:201 JSON parsing took 0.3ms
client-661F308588AD7572265EBD1D8EEA0A19.cache.js:201 Received xhr message: for(;;);[{"syncId":4,"resynchronize":true,"clientId":3,"changes":[{"node":1,"type":"attach"},{"node":1,"type":"put","key":"tag","feat":0,"value":"body"},{"node":1,"type":"splice","feat":2,"index":0,"addNodes":[50]},{"node":1,"type":"empty","featType":true,"feat":19},{"node":1,"type":"put","key":"pushUrl","feat":5,"value":"context://vaadinServlet/"},{"node":1,"type":"put","key":"pushMode","feat":5,"value":"AUTOMATIC"},{"node":1,"type":"put","key":"parameters","feat":5,"nodeValue":2},{"node":2,"type":"attach"},{"node":2,"type":"put","key":"fallbackTransport","feat":6,"value":"long-polling"},{"node":2,"type":"put","key":"transport","feat":6,"value":"long-polling"},{"node":50,"type":"attach"},{"node":50,"type":"put","key":"tag","feat":0,"value":"vaadin-vertical-layout"},{"node":50,"type":"splice","feat":2,"index":0,"addNodes":[49]},{"node":50,"type":"empty","featType":true,"feat":19},{"node":50,"type":"put","key":"theme","feat":3,"value":"padding spacing"},{"node":50,"type":"put","key":"width","feat":12,"value":"100%"},{"node":49,"type":"attach"},{"node":49,"type":"put","key":"tag","feat":0,"value":"vaadin-vertical-layout"},{"node":49,"type":"splice","feat":2,"index":0,"addNodes":[48,34,19,16,15]},{"node":49,"type":"empty","featType":true,"feat":19},{"node":49,"type":"put","key":"theme","feat":3,"value":"padding spacing"},{"node":49,"type":"put","key":"width","feat":12,"value":"100%"},{"node":15,"type":"attach"},{"node":15,"type":"put","key":"visible","feat":0,"value":false},{"node":15,"type":"put","key":"tag","feat":0,"value":"vaadin-horizontal-layout"},{"node":4,"type":"attach"},{"node":4,"type":"put","key":"tag","feat":0,"value":"label"},{"node":3,"type":"attach"},{"node":3,"type":"put","key":"text","feat":7,"value":"Mostrando registros del: "},{"node":5,"type":"attach"},{"node":5,"type":"put","key":"tag","feat":0,"value":"vaadin-combo-box"},{"node":7,"type":"attach"},{"node":7,"type":"put","key":"tag","feat":0,"value":"label"},{"node":6,"type":"attach"},{"node":6,"type":"put","key":"text","feat":7,"value":"Ir a Página: "},{"node":10,"type":"attach"},{"node":10,"type":"put","key":"tag","feat":0,"value":"vaadin-button"},{"node":8,"type":"attach"},{"node":8,"type":"put","key":"text","feat":7,"value":"Sig."},{"node":9,"type":"attach"},{"node":9,"type":"put","key":"tag","feat":0,"value":"iron-icon"},{"node":11,"type":"attach"},{"node":11,"type":"put","key":"tag","feat":0,"value":"label"},{"node":14,"type":"attach"},{"node":14,"type":"put","key":"tag","feat":0,"value":"vaadin-button"},{"node":12,"type":"attach"},{"node":12,"type":"put","key":"text","feat":7,"value":"Ant."},{"node":13,"type":"attach"},{"node":13,"type":"put","key":"tag","feat":0,"value":"iron-icon"},{"node":16,"type":"attach"},{"node":16,"type":"put","key":"tag","feat":0,"value":"vaadin-horizontal-layout"},{"node":16,"type":"empty","featType":true,"feat":2},{"node":16,"type":"empty","featType":true,"feat":19},{"node":16,"type":"put","key":"theme","feat":3,"value":"spacing"},{"node":16,"type":"put","key":"width","feat":12,"value":"100%"},{"node":16,"type":"put","key":"justify-content","feat":12,"value":"center"},{"node":19,"type":"attach"},{"node":19,"type":"put","key":"visible","feat":0,"value":false},{"node":19,"type":"put","key":"tag","feat":0,"value":"vaadin-vertical-layout"},{"node":18,"type":"attach"},{"node":18,"type":"put","key":"tag","feat":0,"value":"label"},{"node":17,"type":"attach"},{"node":17,"type":"put","key":"text","feat":7,"value":"Resultados de la Búsqueda"},{"node":34,"type":"attach"},{"node":34,"type":"put","key":"tag","feat":0,"value":"vaadin-vertical-layout"},{"node":34,"type":"splice","feat":2,"index":0,"addNodes":[33,31,29,27,25,23,21]},{"node":34,"type":"empty","featType":true,"feat":19},{"node":34,"type":"put","key":"theme","feat":3,"value":"padding spacing"},{"node":34,"type":"put","key":"width","feat":12,"value":"100%"},{"node":21,"type":"attach"},{"node":21,"type":"put","key":"tag","feat":0,"value":"label"},{"node":21,"type":"clear","feat":2},{"node":21,"type":"splice","feat":2,"index":0,"addNodes":[20]},{"node":21,"type":"empty","featType":true,"feat":19},{"node":20,"type":"attach"},{"node":20,"type":"put","key":"text","feat":7,"value":" "},{"node":23,"type":"attach"},{"node":23,"type":"put","key":"tag","feat":0,"value":"label"},{"node":23,"type":"clear","feat":2},{"node":23,"type":"splice","feat":2,"index":0,"addNodes":[22]},{"node":23,"type":"empty","featType":true,"feat":19},{"node":22,"type":"attach"},{"node":22,"type":"put","key":"text","feat":7,"value":" "},{"node":25,"type":"attach"},{"node":25,"type":"put","key":"tag","feat":0,"value":"label"},{"node":25,"type":"clear","feat":2},{"node":25,"type":"splice","feat":2,"index":0,"addNodes":[24]},{"node":25,"type":"empty","featType":true,"feat":19},{"node":24,"type":"attach"},{"node":24,"type":"put","key":"text","feat":7,"value":" "},{"node":27,"type":"attach"},{"node":27,"type":"put","key":"tag","feat":0,"value":"label"},{"node":27,"type":"cle
client-661F308588AD7572265EBD1D8EEA0A19.cache.js:201 Received resync message with id 4 while waiting for 2
client-661F308588AD7572265EBD1D8EEA0A19.cache.js:1033 Handling message from server
client-661F308588AD7572265EBD1D8EEA0A19.cache.js:977 Handling dependencies
client-661F308588AD7572265EBD1D8EEA0A19.cache.js:994 StateTree after applying changes:
client-661F308588AD7572265EBD1D8EEA0A19.cache.js:201 {pushConfiguration: {…}, elementData: {…}, clientDelegateHandlers: Array(0), polymerServerEventHandlers: Array(0), synchronizedPropertyEvents: Array(0), …}
client-661F308588AD7572265EBD1D8EEA0A19.cache.js:201 handleUIDLMessage: 2 ms
client-661F308588AD7572265EBD1D8EEA0A19.cache.js:201  Processing time was 138ms
client-661F308588AD7572265EBD1D8EEA0A19.cache.js:201 Sending xhr message to server: {"csrfToken":"e62883ab-68d9-43cb-9045-4b2a9a2dec1c","rpc":[{"type":"event","node":44,"event":"value-changed","data":{}},{"type":"event","node":43,"event":"value-changed","data":{}},{"type":"event","node":41,"event":"value-changed","data":{}},{"type":"event","node":40,"event":"value-changed","data":{}},{"type":"event","node":38,"event":"value-changed","data":{}},{"type":"event","node":37,"event":"value-changed","data":{}},{"type":"publishedEventHandler","node":41,"templateEventMethodName":"setRequestedRange","templateEventMethodArgs":[0,50,""],"promise":0}],"syncId":4,"clientId":3}
client-661F308588AD7572265EBD1D8EEA0A19.cache.js:793 Uncaught (in promise) Error: Client is resynchronizing
    at client-661F308588AD7572265EBD1D8EEA0A19.cache.js:793
    at Array.forEach (<anonymous>)
    at tw (client-661F308588AD7572265EBD1D8EEA0A19.cache.js:793)
    at qv (client-661F308588AD7572265EBD1D8EEA0A19.cache.js:703)
    at Function.Ev (client-661F308588AD7572265EBD1D8EEA0A19.cache.js:1037)
    at d (client-661F308588AD7572265EBD1D8EEA0A19.cache.js:679)
    at Map.forEach (<anonymous>)
    at rv (client-661F308588AD7572265EBD1D8EEA0A19.cache.js:691)
    at Gr (client-661F308588AD7572265EBD1D8EEA0A19.cache.js:1033)
    at Hr (client-661F308588AD7572265EBD1D8EEA0A19.cache.js:1014)
    at Ut.Wt [as yb] (client-661F308588AD7572265EBD1D8EEA0A19.cache.js:1037)
    at tC.uC [as L] (client-661F308588AD7572265EBD1D8EEA0A19.cache.js:1037)
    at XMLHttpRequest.<anonymous> (client-661F308588AD7572265EBD1D8EEA0A19.cache.js:615)
    at sb (client-661F308588AD7572265EBD1D8EEA0A19.cache.js:440)
    at vb (client-661F308588AD7572265EBD1D8EEA0A19.cache.js:897)
    at XMLHttpRequest.<anonymous> (client-661F308588AD7572265EBD1D8EEA0A19.cache.js:623)
(anonymous) @ client-661F308588AD7572265EBD1D8EEA0A19.cache.js:793
tw @ client-661F308588AD7572265EBD1D8EEA0A19.cache.js:793
qv @ client-661F308588AD7572265EBD1D8EEA0A19.cache.js:703
Ev @ client-661F308588AD7572265EBD1D8EEA0A19.cache.js:1037
d @ client-661F308588AD7572265EBD1D8EEA0A19.cache.js:679
rv @ client-661F308588AD7572265EBD1D8EEA0A19.cache.js:691
Gr @ client-661F308588AD7572265EBD1D8EEA0A19.cache.js:1033
Hr @ client-661F308588AD7572265EBD1D8EEA0A19.cache.js:1014
Wt @ client-661F308588AD7572265EBD1D8EEA0A19.cache.js:1037
uC @ client-661F308588AD7572265EBD1D8EEA0A19.cache.js:1037
(anonymous) @ client-661F308588AD7572265EBD1D8EEA0A19.cache.js:615
sb @ client-661F308588AD7572265EBD1D8EEA0A19.cache.js:440
vb @ client-661F308588AD7572265EBD1D8EEA0A19.cache.js:897
(anonymous) @ client-661F308588AD7572265EBD1D8EEA0A19.cache.js:623
XMLHttpRequest.send (async)
sC @ client-661F308588AD7572265EBD1D8EEA0A19.cache.js:944
rC @ client-661F308588AD7572265EBD1D8EEA0A19.cache.js:578
Ot @ client-661F308588AD7572265EBD1D8EEA0A19.cache.js:968
ps @ client-661F308588AD7572265EBD1D8EEA0A19.cache.js:988
os @ client-661F308588AD7572265EBD1D8EEA0A19.cache.js:781
Dr @ client-661F308588AD7572265EBD1D8EEA0A19.cache.js:989
$r @ client-661F308588AD7572265EBD1D8EEA0A19.cache.js:1037
Di @ client-661F308588AD7572265EBD1D8EEA0A19.cache.js:1037
(anonymous) @ client-661F308588AD7572265EBD1D8EEA0A19.cache.js:478
sb @ client-661F308588AD7572265EBD1D8EEA0A19.cache.js:440
vb @ client-661F308588AD7572265EBD1D8EEA0A19.cache.js:897
(anonymous) @ client-661F308588AD7572265EBD1D8EEA0A19.cache.js:623
setTimeout (async)
Fi @ client-661F308588AD7572265EBD1D8EEA0A19.cache.js:441
xi @ client-661F308588AD7572265EBD1D8EEA0A19.cache.js:700
Gr @ client-661F308588AD7572265EBD1D8EEA0A19.cache.js:1033
Hr @ client-661F308588AD7572265EBD1D8EEA0A19.cache.js:1014
Wt @ client-661F308588AD7572265EBD1D8EEA0A19.cache.js:1037
uC @ client-661F308588AD7572265EBD1D8EEA0A19.cache.js:1037
(anonymous) @ client-661F308588AD7572265EBD1D8EEA0A19.cache.js:615
sb @ client-661F308588AD7572265EBD1D8EEA0A19.cache.js:440
vb @ client-661F308588AD7572265EBD1D8EEA0A19.cache.js:897
(anonymous) @ client-661F308588AD7572265EBD1D8EEA0A19.cache.js:623
XMLHttpRequest.send (async)
sC @ client-661F308588AD7572265EBD1D8EEA0A19.cache.js:944
rC @ client-661F308588AD7572265EBD1D8EEA0A19.cache.js:578
Ot @ client-661F308588AD7572265EBD1D8EEA0A19.cache.js:968
ps @ client-661F308588AD7572265EBD1D8EEA0A19.cache.js:988
ms @ client-661F308588AD7572265EBD1D8EEA0A19.cache.js:957
rs @ client-661F308588AD7572265EBD1D8EEA0A19.cache.js:921
Ft @ client-661F308588AD7572265EBD1D8EEA0A19.cache.js:571
Jt @ client-661F308588AD7572265EBD1D8EEA0A19.cache.js:1037
Nt @ client-661F308588AD7572265EBD1D8EEA0A19.cache.js:1037
Ob @ client-661F308588AD7572265EBD1D8EEA0A19.cache.js:981
Hb @ client-661F308588AD7572265EBD1D8EEA0A19.cache.js:683
Sb @ client-661F308588AD7572265EBD1D8EEA0A19.cache.js:1037
Mb @ client-661F308588AD7572265EBD1D8EEA0A19.cache.js:209
sb @ client-661F308588AD7572265EBD1D8EEA0A19.cache.js:440
vb @ client-661F308588AD7572265EBD1D8EEA0A19.cache.js:897
(anonymous) @ client-661F308588AD7572265EBD1D8EEA0A19.cache.js:623
d @ client-661F308588AD7572265EBD1D8EEA0A19.cache.js:713
setTimeout (async)
Pb @ client-661F308588AD7572265EBD1D8EEA0A19.cache.js:714
Jb @ client-661F308588AD7572265EBD1D8EEA0A19.cache.js:716
po @ client-661F308588AD7572265EBD1D8EEA0A19.cache.js:597
Gt @ client-661F308588AD7572265EBD1D8EEA0A19.cache.js:706
vt @ client-661F308588AD7572265EBD1D8EEA0A19.cache.js:525
yt @ client-661F308588AD7572265EBD1D8EEA0A19.cache.js:905
Cv @ client-661F308588AD7572265EBD1D8EEA0A19.cache.js:1037
(anonymous) @ client-661F308588AD7572265EBD1D8EEA0A19.cache.js:995
sb @ client-661F308588AD7572265EBD1D8EEA0A19.cache.js:440
vb @ client-661F308588AD7572265EBD1D8EEA0A19.cache.js:897
(anonymous) @ client-661F308588AD7572265EBD1D8EEA0A19.cache.js:623
requestData @ comboBoxConnector.js?c659:51
comboBox.dataProvider @ comboBoxConnector.js?c659:156
_loadPage @ vaadin-combo-box-data-provider-mixin.js?a009:213
_ensureFirstPage @ vaadin-combo-box-data-provider-mixin.js?a009:142
runMethodEffect @ property-effects.js?0662:819
runEffectsForProperty @ property-effects.js?0662:157
runEffects @ property-effects.js?0662:121
_propertiesChanged @ property-effects.js?0662:1692
Dx.s._propertiesChanged @ client-661F308588AD7572265EBD1D8EEA0A19.cache.js:1037
_flushProperties @ properties-changed.js?2b39:354
_flushProperties @ property-effects.js?0662:1536
_invalidateProperties @ property-effects.js?0662:1506
_setProperty @ property-effects.js?0662:1491
Object.defineProperty.set @ properties-changed.js?2b39:153
open @ vaadin-combo-box-mixin.js?25a3:361
_onClick @ vaadin-combo-box-mixin.js?25a3:415
client-661F308588AD7572265EBD1D8EEA0A19.cache.js:201 Server visit took 11.3ms
client-661F308588AD7572265EBD1D8EEA0A19.cache.js:201 JSON parsing took 0.1ms
client-661F308588AD7572265EBD1D8EEA0A19.cache.js:201 Received xhr message: for(;;);[{"syncId":6,"clientId":4,"execute":[["",[0,41],"return (function() { this._selectedKey=$0}).apply($1)"],[0,null,[0,41],"return (function() { this.$server['}p']($0, true, $1)}).apply($2)"],[[0,41],0,"return $0.$connector.updateSize($1)"],[[0,41],0,[1,[]],"","return $0.$connector.set($1,$2,$3)"],[[0,41],3,"","return $0.$connector.confirm($1,$2)"]],"timings":[540,28]}]
client-661F308588AD7572265EBD1D8EEA0A19.cache.js:201 Received message with server id 6 but expected 5. Postponing handling until the missing message(s) have been received
client-661F308588AD7572265EBD1D8EEA0A19.cache.js:200 Gave up waiting for message 5 from the server
pD @ client-661F308588AD7572265EBD1D8EEA0A19.cache.js:200
zj @ client-661F308588AD7572265EBD1D8EEA0A19.cache.js:361
Dr @ client-661F308588AD7572265EBD1D8EEA0A19.cache.js:989
$r @ client-661F308588AD7572265EBD1D8EEA0A19.cache.js:1037
Di @ client-661F308588AD7572265EBD1D8EEA0A19.cache.js:1037
(anonymous) @ client-661F308588AD7572265EBD1D8EEA0A19.cache.js:478
sb @ client-661F308588AD7572265EBD1D8EEA0A19.cache.js:440
vb @ client-661F308588AD7572265EBD1D8EEA0A19.cache.js:897
(anonymous) @ client-661F308588AD7572265EBD1D8EEA0A19.cache.js:623
setTimeout (async)
Fi @ client-661F308588AD7572265EBD1D8EEA0A19.cache.js:441
xi @ client-661F308588AD7572265EBD1D8EEA0A19.cache.js:700
Gr @ client-661F308588AD7572265EBD1D8EEA0A19.cache.js:1033
Hr @ client-661F308588AD7572265EBD1D8EEA0A19.cache.js:1014
Wt @ client-661F308588AD7572265EBD1D8EEA0A19.cache.js:1037
uC @ client-661F308588AD7572265EBD1D8EEA0A19.cache.js:1037
(anonymous) @ client-661F308588AD7572265EBD1D8EEA0A19.cache.js:615
sb @ client-661F308588AD7572265EBD1D8EEA0A19.cache.js:440
vb @ client-661F308588AD7572265EBD1D8EEA0A19.cache.js:897
(anonymous) @ client-661F308588AD7572265EBD1D8EEA0A19.cache.js:623
XMLHttpRequest.send (async)
sC @ client-661F308588AD7572265EBD1D8EEA0A19.cache.js:944
rC @ client-661F308588AD7572265EBD1D8EEA0A19.cache.js:578
Ot @ client-661F308588AD7572265EBD1D8EEA0A19.cache.js:968
ps @ client-661F308588AD7572265EBD1D8EEA0A19.cache.js:988
ms @ client-661F308588AD7572265EBD1D8EEA0A19.cache.js:957
rs @ client-661F308588AD7572265EBD1D8EEA0A19.cache.js:921
at @ client-661F308588AD7572265EBD1D8EEA0A19.cache.js:922
Or @ client-661F308588AD7572265EBD1D8EEA0A19.cache.js:1032
ds @ client-661F308588AD7572265EBD1D8EEA0A19.cache.js:1037
tk @ client-661F308588AD7572265EBD1D8EEA0A19.cache.js:432
Gr @ client-661F308588AD7572265EBD1D8EEA0A19.cache.js:1033
Hr @ client-661F308588AD7572265EBD1D8EEA0A19.cache.js:1014
Wt @ client-661F308588AD7572265EBD1D8EEA0A19.cache.js:1037
uC @ client-661F308588AD7572265EBD1D8EEA0A19.cache.js:1037
(anonymous) @ client-661F308588AD7572265EBD1D8EEA0A19.cache.js:615
sb @ client-661F308588AD7572265EBD1D8EEA0A19.cache.js:440
vb @ client-661F308588AD7572265EBD1D8EEA0A19.cache.js:897
(anonymous) @ client-661F308588AD7572265EBD1D8EEA0A19.cache.js:623
XMLHttpRequest.send (async)
sC @ client-661F308588AD7572265EBD1D8EEA0A19.cache.js:944
rC @ client-661F308588AD7572265EBD1D8EEA0A19.cache.js:578
Ot @ client-661F308588AD7572265EBD1D8EEA0A19.cache.js:968
ps @ client-661F308588AD7572265EBD1D8EEA0A19.cache.js:988
os @ client-661F308588AD7572265EBD1D8EEA0A19.cache.js:781
Dr @ client-661F308588AD7572265EBD1D8EEA0A19.cache.js:989
$r @ client-661F308588AD7572265EBD1D8EEA0A19.cache.js:1037
Di @ client-661F308588AD7572265EBD1D8EEA0A19.cache.js:1037
(anonymous) @ client-661F308588AD7572265EBD1D8EEA0A19.cache.js:478
sb @ client-661F308588AD7572265EBD1D8EEA0A19.cache.js:440
vb @ client-661F308588AD7572265EBD1D8EEA0A19.cache.js:897
(anonymous) @ client-661F308588AD7572265EBD1D8EEA0A19.cache.js:623
setTimeout (async)
Fi @ client-661F308588AD7572265EBD1D8EEA0A19.cache.js:441
xi @ client-661F308588AD7572265EBD1D8EEA0A19.cache.js:700
Gr @ client-661F308588AD7572265EBD1D8EEA0A19.cache.js:1033
Hr @ client-661F308588AD7572265EBD1D8EEA0A19.cache.js:1014
Wt @ client-661F308588AD7572265EBD1D8EEA0A19.cache.js:1037
uC @ client-661F308588AD7572265EBD1D8EEA0A19.cache.js:1037
(anonymous) @ client-661F308588AD7572265EBD1D8EEA0A19.cache.js:615
sb @ client-661F308588AD7572265EBD1D8EEA0A19.cache.js:440
vb @ client-661F308588AD7572265EBD1D8EEA0A19.cache.js:897
(anonymous) @ client-661F308588AD7572265EBD1D8EEA0A19.cache.js:623
XMLHttpRequest.send (async)
sC @ client-661F308588AD7572265EBD1D8EEA0A19.cache.js:944
rC @ client-661F308588AD7572265EBD1D8EEA0A19.cache.js:578
Ot @ client-661F308588AD7572265EBD1D8EEA0A19.cache.js:968
ps @ client-661F308588AD7572265EBD1D8EEA0A19.cache.js:988
ms @ client-661F308588AD7572265EBD1D8EEA0A19.cache.js:957
rs @ client-661F308588AD7572265EBD1D8EEA0A19.cache.js:921
Ft @ client-661F308588AD7572265EBD1D8EEA0A19.cache.js:571
Jt @ client-661F308588AD7572265EBD1D8EEA0A19.cache.js:1037
Nt @ client-661F308588AD7572265EBD1D8EEA0A19.cache.js:1037
Ob @ client-661F308588AD7572265EBD1D8EEA0A19.cache.js:981
Hb @ client-661F308588AD7572265EBD1D8EEA0A19.cache.js:683
Sb @ client-661F308588AD7572265EBD1D8EEA0A19.cache.js:1037
Mb @ client-661F308588AD7572265EBD1D8EEA0A19.cache.js:209
sb @ client-661F308588AD7572265EBD1D8EEA0A19.cache.js:440
vb @ client-661F308588AD7572265EBD1D8EEA0A19.cache.js:897
(anonymous) @ client-661F308588AD7572265EBD1D8EEA0A19.cache.js:623
d @ client-661F308588AD7572265EBD1D8EEA0A19.cache.js:713
setTimeout (async)
Pb @ client-661F308588AD7572265EBD1D8EEA0A19.cache.js:714
Jb @ client-661F308588AD7572265EBD1D8EEA0A19.cache.js:716
po @ client-661F308588AD7572265EBD1D8EEA0A19.cache.js:597
Gt @ client-661F308588AD7572265EBD1D8EEA0A19.cache.js:706
vt @ client-661F308588AD7572265EBD1D8EEA0A19.cache.js:525
yt @ client-661F308588AD7572265EBD1D8EEA0A19.cache.js:905
Cv @ client-661F308588AD7572265EBD1D8EEA0A19.cache.js:1037
(anonymous) @ client-661F308588AD7572265EBD1D8EEA0A19.cache.js:995
sb @ client-661F308588AD7572265EBD1D8EEA0A19.cache.js:440
vb @ client-661F308588AD7572265EBD1D8EEA0A19.cache.js:897
(anonymous) @ client-661F308588AD7572265EBD1D8EEA0A19.cache.js:623
requestData @ comboBoxConnector.js?c659:51
comboBox.dataProvider @ comboBoxConnector.js?c659:156
_loadPage @ vaadin-combo-box-data-provider-mixin.js?a009:213
_ensureFirstPage @ vaadin-combo-box-data-provider-mixin.js?a009:142
runMethodEffect @ property-effects.js?0662:819
runEffectsForProperty @ property-effects.js?0662:157
runEffects @ property-effects.js?0662:121
_propertiesChanged @ property-effects.js?0662:1692
Dx.s._propertiesChanged @ client-661F308588AD7572265EBD1D8EEA0A19.cache.js:1037
_flushProperties @ properties-changed.js?2b39:354
_flushProperties @ property-effects.js?0662:1536
_invalidateProperties @ property-effects.js?0662:1506
_setProperty @ property-effects.js?0662:1491
Object.defineProperty.set @ properties-changed.js?2b39:153
open @ vaadin-combo-box-mixin.js?25a3:361
_onClick @ vaadin-combo-box-mixin.js?25a3:415
client-661F308588AD7572265EBD1D8EEA0A19.cache.js:781 Resynchronizing from server
client-661F308588AD7572265EBD1D8EEA0A19.cache.js:201 Sending xhr message to server: {"csrfToken":"e62883ab-68d9-43cb-9045-4b2a9a2dec1c","rpc":[],"syncId":4,"clientId":4,"resynchronize":true}
client-661F308588AD7572265EBD1D8EEA0A19.cache.js:201 Server visit took 28.4ms
client-661F308588AD7572265EBD1D8EEA0A19.cache.js:201 JSON parsing took 0.2ms
client-661F308588AD7572265EBD1D8EEA0A19.cache.js:201 Received xhr message: for(;;);[{"syncId":7,"resynchronize":true,"clientId":5,"changes":[{"node":1,"type":"attach"},{"node":1,"type":"put","key":"tag","feat":0,"value":"body"},{"node":1,"type":"splice","feat":2,"index":0,"addNodes":[50]},{"node":1,"type":"empty","featType":true,"feat":19},{"node":1,"type":"put","key":"pushUrl","feat":5,"value":"context://vaadinServlet/"},{"node":1,"type":"put","key":"pushMode","feat":5,"value":"AUTOMATIC"},{"node":1,"type":"put","key":"parameters","feat":5,"nodeValue":2},{"node":2,"type":"attach"},{"node":2,"type":"put","key":"fallbackTransport","feat":6,"value":"long-polling"},{"node":2,"type":"put","key":"transport","feat":6,"value":"long-polling"},{"node":50,"type":"attach"},{"node":50,"type":"put","key":"tag","feat":0,"value":"vaadin-vertical-layout"},{"node":50,"type":"splice","feat":2,"index":0,"addNodes":[49]},{"node":50,"type":"empty","featType":true,"feat":19},{"node":50,"type":"put","key":"theme","feat":3,"value":"padding spacing"},{"node":50,"type":"put","key":"width","feat":12,"value":"100%"},{"node":49,"type":"attach"},{"node":49,"type":"put","key":"tag","feat":0,"value":"vaadin-vertical-layout"},{"node":49,"type":"splice","feat":2,"index":0,"addNodes":[48,34,19,16,15]},{"node":49,"type":"empty","featType":true,"feat":19},{"node":49,"type":"put","key":"theme","feat":3,"value":"padding spacing"},{"node":49,"type":"put","key":"width","feat":12,"value":"100%"},{"node":15,"type":"attach"},{"node":15,"type":"put","key":"visible","feat":0,"value":false},{"node":15,"type":"put","key":"tag","feat":0,"value":"vaadin-horizontal-layout"},{"node":4,"type":"attach"},{"node":4,"type":"put","key":"tag","feat":0,"value":"label"},{"node":3,"type":"attach"},{"node":3,"type":"put","key":"text","feat":7,"value":"Mostrando registros del: "},{"node":5,"type":"attach"},{"node":5,"type":"put","key":"tag","feat":0,"value":"vaadin-combo-box"},{"node":7,"type":"attach"},{"node":7,"type":"put","key":"tag","feat":0,"value":"label"},{"node":6,"type":"attach"},{"node":6,"type":"put","key":"text","feat":7,"value":"Ir a Página: "},{"node":10,"type":"attach"},{"node":10,"type":"put","key":"tag","feat":0,"value":"vaadin-button"},{"node":8,"type":"attach"},{"node":8,"type":"put","key":"text","feat":7,"value":"Sig."},{"node":9,"type":"attach"},{"node":9,"type":"put","key":"tag","feat":0,"value":"iron-icon"},{"node":11,"type":"attach"},{"node":11,"type":"put","key":"tag","feat":0,"value":"label"},{"node":14,"type":"attach"},{"node":14,"type":"put","key":"tag","feat":0,"value":"vaadin-button"},{"node":12,"type":"attach"},{"node":12,"type":"put","key":"text","feat":7,"value":"Ant."},{"node":13,"type":"attach"},{"node":13,"type":"put","key":"tag","feat":0,"value":"iron-icon"},{"node":16,"type":"attach"},{"node":16,"type":"put","key":"tag","feat":0,"value":"vaadin-horizontal-layout"},{"node":16,"type":"empty","featType":true,"feat":2},{"node":16,"type":"empty","featType":true,"feat":19},{"node":16,"type":"put","key":"theme","feat":3,"value":"spacing"},{"node":16,"type":"put","key":"width","feat":12,"value":"100%"},{"node":16,"type":"put","key":"justify-content","feat":12,"value":"center"},{"node":19,"type":"attach"},{"node":19,"type":"put","key":"visible","feat":0,"value":false},{"node":19,"type":"put","key":"tag","feat":0,"value":"vaadin-vertical-layout"},{"node":18,"type":"attach"},{"node":18,"type":"put","key":"tag","feat":0,"value":"label"},{"node":17,"type":"attach"},{"node":17,"type":"put","key":"text","feat":7,"value":"Resultados de la Búsqueda"},{"node":34,"type":"attach"},{"node":34,"type":"put","key":"tag","feat":0,"value":"vaadin-vertical-layout"},{"node":34,"type":"splice","feat":2,"index":0,"addNodes":[33,31,29,27,25,23,21]},{"node":34,"type":"empty","featType":true,"feat":19},{"node":34,"type":"put","key":"theme","feat":3,"value":"padding spacing"},{"node":34,"type":"put","key":"width","feat":12,"value":"100%"},{"node":21,"type":"attach"},{"node":21,"type":"put","key":"tag","feat":0,"value":"label"},{"node":21,"type":"clear","feat":2},{"node":21,"type":"splice","feat":2,"index":0,"addNodes":[20]},{"node":21,"type":"empty","featType":true,"feat":19},{"node":20,"type":"attach"},{"node":20,"type":"put","key":"text","feat":7,"value":" "},{"node":23,"type":"attach"},{"node":23,"type":"put","key":"tag","feat":0,"value":"label"},{"node":23,"type":"clear","feat":2},{"node":23,"type":"splice","feat":2,"index":0,"addNodes":[22]},{"node":23,"type":"empty","featType":true,"feat":19},{"node":22,"type":"attach"},{"node":22,"type":"put","key":"text","feat":7,"value":" "},{"node":25,"type":"attach"},{"node":25,"type":"put","key":"tag","feat":0,"value":"label"},{"node":25,"type":"clear","feat":2},{"node":25,"type":"splice","feat":2,"index":0,"addNodes":[24]},{"node":25,"type":"empty","featType":true,"feat":19},{"node":24,"type":"attach"},{"node":24,"type":"put","key":"text","feat":7,"value":" "},{"node":27,"type":"attach"},{"node":27,"type":"put","key":"tag","feat":0,"value":"label"},{"node":27,"type":"cle
client-661F308588AD7572265EBD1D8EEA0A19.cache.js:201 Received resync message with id 7 while waiting for 5
client-661F308588AD7572265EBD1D8EEA0A19.cache.js:1033 Handling message from server
client-661F308588AD7572265EBD1D8EEA0A19.cache.js:977 Handling dependencies
client-661F308588AD7572265EBD1D8EEA0A19.cache.js:994 StateTree after applying changes:
client-661F308588AD7572265EBD1D8EEA0A19.cache.js:201 {pushConfiguration: {…}, elementData: {…}, clientDelegateHandlers: Array(0), polymerServerEventHandlers: Array(0), synchronizedPropertyEvents: Array(0), …}
client-661F308588AD7572265EBD1D8EEA0A19.cache.js:201 handleUIDLMessage: 3 ms
client-661F308588AD7572265EBD1D8EEA0A19.cache.js:201  Processing time was 146ms
client-661F308588AD7572265EBD1D8EEA0A19.cache.js:201 Sending xhr message to server: {"csrfToken":"e62883ab-68d9-43cb-9045-4b2a9a2dec1c","rpc":[{"type":"event","node":44,"event":"value-changed","data":{}},{"type":"event","node":43,"event":"value-changed","data":{}},{"type":"event","node":41,"event":"value-changed","data":{}},{"type":"event","node":40,"event":"value-changed","data":{}},{"type":"event","node":38,"event":"value-changed","data":{}},{"type":"event","node":37,"event":"value-changed","data":{}},{"type":"publishedEventHandler","node":41,"templateEventMethodName":"setRequestedRange","templateEventMethodArgs":[0,50,""],"promise":0}],"syncId":7,"clientId":5}
client-661F308588AD7572265EBD1D8EEA0A19.cache.js:793 Uncaught (in promise) Error: Client is resynchronizing
    at client-661F308588AD7572265EBD1D8EEA0A19.cache.js:793
    at Array.forEach (<anonymous>)
    at tw (client-661F308588AD7572265EBD1D8EEA0A19.cache.js:793)
    at qv (client-661F308588AD7572265EBD1D8EEA0A19.cache.js:703)
    at Function.Ev (client-661F308588AD7572265EBD1D8EEA0A19.cache.js:1037)
    at d (client-661F308588AD7572265EBD1D8EEA0A19.cache.js:679)
    at Map.forEach (<anonymous>)
    at rv (client-661F308588AD7572265EBD1D8EEA0A19.cache.js:691)
    at Gr (client-661F308588AD7572265EBD1D8EEA0A19.cache.js:1033)
    at Hr (client-661F308588AD7572265EBD1D8EEA0A19.cache.js:1014)
    at Ut.Wt [as yb] (client-661F308588AD7572265EBD1D8EEA0A19.cache.js:1037)
    at tC.uC [as L] (client-661F308588AD7572265EBD1D8EEA0A19.cache.js:1037)
    at XMLHttpRequest.<anonymous> (client-661F308588AD7572265EBD1D8EEA0A19.cache.js:615)
    at sb (client-661F308588AD7572265EBD1D8EEA0A19.cache.js:440)
    at vb (client-661F308588AD7572265EBD1D8EEA0A19.cache.js:897)
    at XMLHttpRequest.<anonymous> (client-661F308588AD7572265EBD1D8EEA0A19.cache.js:623)
(anonymous) @ client-661F308588AD7572265EBD1D8EEA0A19.cache.js:793
tw @ client-661F308588AD7572265EBD1D8EEA0A19.cache.js:793
qv @ client-661F308588AD7572265EBD1D8EEA0A19.cache.js:703
Ev @ client-661F308588AD7572265EBD1D8EEA0A19.cache.js:1037
d @ client-661F308588AD7572265EBD1D8EEA0A19.cache.js:679
rv @ client-661F308588AD7572265EBD1D8EEA0A19.cache.js:691
Gr @ client-661F308588AD7572265EBD1D8EEA0A19.cache.js:1033
Hr @ client-661F308588AD7572265EBD1D8EEA0A19.cache.js:1014
Wt @ client-661F308588AD7572265EBD1D8EEA0A19.cache.js:1037
uC @ client-661F308588AD7572265EBD1D8EEA0A19.cache.js:1037
(anonymous) @ client-661F308588AD7572265EBD1D8EEA0A19.cache.js:615
sb @ client-661F308588AD7572265EBD1D8EEA0A19.cache.js:440
vb @ client-661F308588AD7572265EBD1D8EEA0A19.cache.js:897
(anonymous) @ client-661F308588AD7572265EBD1D8EEA0A19.cache.js:623
XMLHttpRequest.send (async)
sC @ client-661F308588AD7572265EBD1D8EEA0A19.cache.js:944
rC @ client-661F308588AD7572265EBD1D8EEA0A19.cache.js:578
Ot @ client-661F308588AD7572265EBD1D8EEA0A19.cache.js:968
ps @ client-661F308588AD7572265EBD1D8EEA0A19.cache.js:988
os @ client-661F308588AD7572265EBD1D8EEA0A19.cache.js:781
Dr @ client-661F308588AD7572265EBD1D8EEA0A19.cache.js:989
$r @ client-661F308588AD7572265EBD1D8EEA0A19.cache.js:1037
Di @ client-661F308588AD7572265EBD1D8EEA0A19.cache.js:1037
(anonymous) @ client-661F308588AD7572265EBD1D8EEA0A19.cache.js:478
sb @ client-661F308588AD7572265EBD1D8EEA0A19.cache.js:440
vb @ client-661F308588AD7572265EBD1D8EEA0A19.cache.js:897
(anonymous) @ client-661F308588AD7572265EBD1D8EEA0A19.cache.js:623
setTimeout (async)
Fi @ client-661F308588AD7572265EBD1D8EEA0A19.cache.js:441
xi @ client-661F308588AD7572265EBD1D8EEA0A19.cache.js:700
Gr @ client-661F308588AD7572265EBD1D8EEA0A19.cache.js:1033
Hr @ client-661F308588AD7572265EBD1D8EEA0A19.cache.js:1014
Wt @ client-661F308588AD7572265EBD1D8EEA0A19.cache.js:1037
uC @ client-661F308588AD7572265EBD1D8EEA0A19.cache.js:1037
(anonymous) @ client-661F308588AD7572265EBD1D8EEA0A19.cache.js:615
sb @ client-661F308588AD7572265EBD1D8EEA0A19.cache.js:440
vb @ client-661F308588AD7572265EBD1D8EEA0A19.cache.js:897
(anonymous) @ client-661F308588AD7572265EBD1D8EEA0A19.cache.js:623
XMLHttpRequest.send (async)
sC @ client-661F308588AD7572265EBD1D8EEA0A19.cache.js:944
rC @ client-661F308588AD7572265EBD1D8EEA0A19.cache.js:578
Ot @ client-661F308588AD7572265EBD1D8EEA0A19.cache.js:968
ps @ client-661F308588AD7572265EBD1D8EEA0A19.cache.js:988
ms @ client-661F308588AD7572265EBD1D8EEA0A19.cache.js:957
rs @ client-661F308588AD7572265EBD1D8EEA0A19.cache.js:921
at @ client-661F308588AD7572265EBD1D8EEA0A19.cache.js:922
Or @ client-661F308588AD7572265EBD1D8EEA0A19.cache.js:1032
ds @ client-661F308588AD7572265EBD1D8EEA0A19.cache.js:1037
tk @ client-661F308588AD7572265EBD1D8EEA0A19.cache.js:432
Gr @ client-661F308588AD7572265EBD1D8EEA0A19.cache.js:1033
Hr @ client-661F308588AD7572265EBD1D8EEA0A19.cache.js:1014
Wt @ client-661F308588AD7572265EBD1D8EEA0A19.cache.js:1037
uC @ client-661F308588AD7572265EBD1D8EEA0A19.cache.js:1037
(anonymous) @ client-661F308588AD7572265EBD1D8EEA0A19.cache.js:615
sb @ client-661F308588AD7572265EBD1D8EEA0A19.cache.js:440
vb @ client-661F308588AD7572265EBD1D8EEA0A19.cache.js:897
(anonymous) @ client-661F308588AD7572265EBD1D8EEA0A19.cache.js:623
XMLHttpRequest.send (async)
sC @ client-661F308588AD7572265EBD1D8EEA0A19.cache.js:944
rC @ client-661F308588AD7572265EBD1D8EEA0A19.cache.js:578
Ot @ client-661F308588AD7572265EBD1D8EEA0A19.cache.js:968
ps @ client-661F308588AD7572265EBD1D8EEA0A19.cache.js:988
os @ client-661F308588AD7572265EBD1D8EEA0A19.cache.js:781
Dr @ client-661F308588AD7572265EBD1D8EEA0A19.cache.js:989
$r @ client-661F308588AD7572265EBD1D8EEA0A19.cache.js:1037
Di @ client-661F308588AD7572265EBD1D8EEA0A19.cache.js:1037
(anonymous) @ client-661F308588AD7572265EBD1D8EEA0A19.cache.js:478
sb @ client-661F308588AD7572265EBD1D8EEA0A19.cache.js:440
vb @ client-661F308588AD7572265EBD1D8EEA0A19.cache.js:897
(anonymous) @ client-661F308588AD7572265EBD1D8EEA0A19.cache.js:623
setTimeout (async)
Fi @ client-661F308588AD7572265EBD1D8EEA0A19.cache.js:441
xi @ client-661F308588AD7572265EBD1D8EEA0A19.cache.js:700
Gr @ client-661F308588AD7572265EBD1D8EEA0A19.cache.js:1033
Hr @ client-661F308588AD7572265EBD1D8EEA0A19.cache.js:1014
Wt @ client-661F308588AD7572265EBD1D8EEA0A19.cache.js:1037
uC @ client-661F308588AD7572265EBD1D8EEA0A19.cache.js:1037
(anonymous) @ client-661F308588AD7572265EBD1D8EEA0A19.cache.js:615
sb @ client-661F308588AD7572265EBD1D8EEA0A19.cache.js:440
vb @ client-661F308588AD7572265EBD1D8EEA0A19.cache.js:897
(anonymous) @ client-661F308588AD7572265EBD1D8EEA0A19.cache.js:623
XMLHttpRequest.send (async)
sC @ client-661F308588AD7572265EBD1D8EEA0A19.cache.js:944
rC @ client-661F308588AD7572265EBD1D8EEA0A19.cache.js:578
Ot @ client-661F308588AD7572265EBD1D8EEA0A19.cache.js:968
ps @ client-661F308588AD7572265EBD1D8EEA0A19.cache.js:988
ms @ client-661F308588AD7572265EBD1D8EEA0A19.cache.js:957
rs @ client-661F308588AD7572265EBD1D8EEA0A19.cache.js:921
Ft @ client-661F308588AD7572265EBD1D8EEA0A19.cache.js:571
Jt @ client-661F308588AD7572265EBD1D8EEA0A19.cache.js:1037
Nt @ client-661F308588AD7572265EBD1D8EEA0A19.cache.js:1037
Ob @ client-661F308588AD7572265EBD1D8EEA0A19.cache.js:981
Hb @ client-661F308588AD7572265EBD1D8EEA0A19.cache.js:683
Sb @ client-661F308588AD7572265EBD1D8EEA0A19.cache.js:1037
Mb @ client-661F308588AD7572265EBD1D8EEA0A19.cache.js:209
sb @ client-661F308588AD7572265EBD1D8EEA0A19.cache.js:440
vb @ client-661F308588AD7572265EBD1D8EEA0A19.cache.js:897
(anonymous) @ client-661F308588AD7572265EBD1D8EEA0A19.cache.js:623
d @ client-661F308588AD7572265EBD1D8EEA0A19.cache.js:713
setTimeout (async)
Pb @ client-661F308588AD7572265EBD1D8EEA0A19.cache.js:714
Jb @ client-661F308588AD7572265EBD1D8EEA0A19.cache.js:716
po @ client-661F308588AD7572265EBD1D8EEA0A19.cache.js:597
Gt @ client-661F308588AD7572265EBD1D8EEA0A19.cache.js:706
vt @ client-661F308588AD7572265EBD1D8EEA0A19.cache.js:525
yt @ client-661F308588AD7572265EBD1D8EEA0A19.cache.js:905
Cv @ client-661F308588AD7572265EBD1D8EEA0A19.cache.js:1037
(anonymous) @ client-661F308588AD7572265EBD1D8EEA0A19.cache.js:995
sb @ client-661F308588AD7572265EBD1D8EEA0A19.cache.js:440
vb @ client-661F308588AD7572265EBD1D8EEA0A19.cache.js:897
(anonymous) @ client-661F308588AD7572265EBD1D8EEA0A19.cache.js:623
requestData @ comboBoxConnector.js?c659:51
comboBox.dataProvider @ comboBoxConnector.js?c659:156
_loadPage @ vaadin-combo-box-data-provider-mixin.js?a009:213
_ensureFirstPage @ vaadin-combo-box-data-provider-mixin.js?a009:142
runMethodEffect @ property-effects.js?0662:819
runEffectsForProperty @ property-effects.js?0662:157
runEffects @ property-effects.js?0662:121
_propertiesChanged @ property-effects.js?0662:1692
Dx.s._propertiesChanged @ client-661F308588AD7572265EBD1D8EEA0A19.cache.js:1037
_flushProperties @ properties-changed.js?2b39:354
_flushProperties @ property-effects.js?0662:1536
_invalidateProperties @ property-effects.js?0662:1506
_setProperty @ property-effects.js?0662:1491
Object.defineProperty.set @ properties-changed.js?2b39:153
open @ vaadin-combo-box-mixin.js?25a3:361
_onClick @ vaadin-combo-box-mixin.js?25a3:415
client-661F308588AD7572265EBD1D8EEA0A19.cache.js:201 Server visit took 16.3ms
client-661F308588AD7572265EBD1D8EEA0A19.cache.js:201 JSON parsing took 0ms
client-661F308588AD7572265EBD1D8EEA0A19.cache.js:201 Received xhr message: for(;;);[{"syncId":9,"clientId":6,"execute":[["",[0,41],"return (function() { this._selectedKey=$0}).apply($1)"],[0,null,[0,41],"return (function() { this.$server['}p']($0, true, $1)}).apply($2)"],[[0,41],0,"return $0.$connector.updateSize($1)"],[[0,41],0,[1,[]],"","return $0.$connector.set($1,$2,$3)"],[[0,41],5,"","return $0.$connector.confirm($1,$2)"]],"timings":[559,18]}]
client-661F308588AD7572265EBD1D8EEA0A19.cache.js:201 Received message with server id 9 but expected 8. Postponing handling until the missing message(s) have been received
client-661F308588AD7572265EBD1D8EEA0A19.cache.js:200 Gave up waiting for message 8 from the server
pD @ client-661F308588AD7572265EBD1D8EEA0A19.cache.js:200
zj @ client-661F308588AD7572265EBD1D8EEA0A19.cache.js:361
Dr @ client-661F308588AD7572265EBD1D8EEA0A19.cache.js:989
$r @ client-661F308588AD7572265EBD1D8EEA0A19.cache.js:1037
Di @ client-661F308588AD7572265EBD1D8EEA0A19.cache.js:1037
(anonymous) @ client-661F308588AD7572265EBD1D8EEA0A19.cache.js:478
sb @ client-661F308588AD7572265EBD1D8EEA0A19.cache.js:440
vb @ client-661F308588AD7572265EBD1D8EEA0A19.cache.js:897
(anonymous) @ client-661F308588AD7572265EBD1D8EEA0A19.cache.js:623
setTimeout (async)
Fi @ client-661F308588AD7572265EBD1D8EEA0A19.cache.js:441
xi @ client-661F308588AD7572265EBD1D8EEA0A19.cache.js:700
Gr @ client-661F308588AD7572265EBD1D8EEA0A19.cache.js:1033
Hr @ client-661F308588AD7572265EBD1D8EEA0A19.cache.js:1014
Wt @ client-661F308588AD7572265EBD1D8EEA0A19.cache.js:1037
uC @ client-661F308588AD7572265EBD1D8EEA0A19.cache.js:1037
(anonymous) @ client-661F308588AD7572265EBD1D8EEA0A19.cache.js:615
sb @ client-661F308588AD7572265EBD1D8EEA0A19.cache.js:440
vb @ client-661F308588AD7572265EBD1D8EEA0A19.cache.js:897
(anonymous) @ client-661F308588AD7572265EBD1D8EEA0A19.cache.js:623
XMLHttpRequest.send (async)
sC @ client-661F308588AD7572265EBD1D8EEA0A19.cache.js:944
rC @ client-661F308588AD7572265EBD1D8EEA0A19.cache.js:578
Ot @ client-661F308588AD7572265EBD1D8EEA0A19.cache.js:968
ps @ client-661F308588AD7572265EBD1D8EEA0A19.cache.js:988
ms @ client-661F308588AD7572265EBD1D8EEA0A19.cache.js:957
rs @ client-661F308588AD7572265EBD1D8EEA0A19.cache.js:921
at @ client-661F308588AD7572265EBD1D8EEA0A19.cache.js:922
Or @ client-661F308588AD7572265EBD1D8EEA0A19.cache.js:1032
ds @ client-661F308588AD7572265EBD1D8EEA0A19.cache.js:1037
tk @ client-661F308588AD7572265EBD1D8EEA0A19.cache.js:432
Gr @ client-661F308588AD7572265EBD1D8EEA0A19.cache.js:1033
Hr @ client-661F308588AD7572265EBD1D8EEA0A19.cache.js:1014
Wt @ client-661F308588AD7572265EBD1D8EEA0A19.cache.js:1037
uC @ client-661F308588AD7572265EBD1D8EEA0A19.cache.js:1037
(anonymous) @ client-661F308588AD7572265EBD1D8EEA0A19.cache.js:615
sb @ client-661F308588AD7572265EBD1D8EEA0A19.cache.js:440
vb @ client-661F308588AD7572265EBD1D8EEA0A19.cache.js:897
(anonymous) @ client-661F308588AD7572265EBD1D8EEA0A19.cache.js:623
XMLHttpRequest.send (async)
sC @ client-661F308588AD7572265EBD1D8EEA0A19.cache.js:944
rC @ client-661F308588AD7572265EBD1D8EEA0A19.cache.js:578
Ot @ client-661F308588AD7572265EBD1D8EEA0A19.cache.js:968
ps @ client-661F308588AD7572265EBD1D8EEA0A19.cache.js:988
os @ client-661F308588AD7572265EBD1D8EEA0A19.cache.js:781
Dr @ client-661F308588AD7572265EBD1D8EEA0A19.cache.js:989
$r @ client-661F308588AD7572265EBD1D8EEA0A19.cache.js:1037
Di @ client-661F308588AD7572265EBD1D8EEA0A19.cache.js:1037
(anonymous) @ client-661F308588AD7572265EBD1D8EEA0A19.cache.js:478
sb @ client-661F308588AD7572265EBD1D8EEA0A19.cache.js:440
vb @ client-661F308588AD7572265EBD1D8EEA0A19.cache.js:897
(anonymous) @ client-661F308588AD7572265EBD1D8EEA0A19.cache.js:623
setTimeout (async)
Fi @ client-661F308588AD7572265EBD1D8EEA0A19.cache.js:441
xi @ client-661F308588AD7572265EBD1D8EEA0A19.cache.js:700
Gr @ client-661F308588AD7572265EBD1D8EEA0A19.cache.js:1033
Hr @ client-661F308588AD7572265EBD1D8EEA0A19.cache.js:1014
Wt @ client-661F308588AD7572265EBD1D8EEA0A19.cache.js:1037
uC @ client-661F308588AD7572265EBD1D8EEA0A19.cache.js:1037
(anonymous) @ client-661F308588AD7572265EBD1D8EEA0A19.cache.js:615
sb @ client-661F308588AD7572265EBD1D8EEA0A19.cache.js:440
vb @ client-661F308588AD7572265EBD1D8EEA0A19.cache.js:897
(anonymous) @ client-661F308588AD7572265EBD1D8EEA0A19.cache.js:623
XMLHttpRequest.send (async)
sC @ client-661F308588AD7572265EBD1D8EEA0A19.cache.js:944
rC @ client-661F308588AD7572265EBD1D8EEA0A19.cache.js:578
Ot @ client-661F308588AD7572265EBD1D8EEA0A19.cache.js:968
ps @ client-661F308588AD7572265EBD1D8EEA0A19.cache.js:988
ms @ client-661F308588AD7572265EBD1D8EEA0A19.cache.js:957
rs @ client-661F308588AD7572265EBD1D8EEA0A19.cache.js:921
at @ client-661F308588AD7572265EBD1D8EEA0A19.cache.js:922
Or @ client-661F308588AD7572265EBD1D8EEA0A19.cache.js:1032
ds @ client-661F308588AD7572265EBD1D8EEA0A19.cache.js:1037
tk @ client-661F308588AD7572265EBD1D8EEA0A19.cache.js:432
Gr @ client-661F308588AD7572265EBD1D8EEA0A19.cache.js:1033
Hr @ client-661F308588AD7572265EBD1D8EEA0A19.cache.js:1014
Wt @ client-661F308588AD7572265EBD1D8EEA0A19.cache.js:1037
uC @ client-661F308588AD7572265EBD1D8EEA0A19.cache.js:1037
(anonymous) @ client-661F308588AD7572265EBD1D8EEA0A19.cache.js:615
sb @ client-661F308588AD7572265EBD1D8EEA0A19.cache.js:440
vb @ client-661F308588AD7572265EBD1D8EEA0A19.cache.js:897
(anonymous) @ client-661F308588AD7572265EBD1D8EEA0A19.cache.js:623
XMLHttpRequest.send (async)
sC @ client-661F308588AD7572265EBD1D8EEA0A19.cache.js:944
rC @ client-661F308588AD7572265EBD1D8EEA0A19.cache.js:578
Ot @ client-661F308588AD7572265EBD1D8EEA0A19.cache.js:968
ps @ client-661F308588AD7572265EBD1D8EEA0A19.cache.js:988
os @ client-661F308588AD7572265EBD1D8EEA0A19.cache.js:781
Dr @ client-661F308588AD7572265EBD1D8EEA0A19.cache.js:989
$r @ client-661F308588AD7572265EBD1D8EEA0A19.cache.js:1037
Di @ client-661F308588AD7572265EBD1D8EEA0A19.cache.js:1037
(anonymous) @ client-661F308588AD7572265EBD1D8EEA0A19.cache.js:478
sb @ client-661F308588AD7572265EBD1D8EEA0A19.cache.js:440
vb @ client-661F308588AD7572265EBD1D8EEA0A19.cache.js:897
(anonymous) @ client-661F308588AD7572265EBD1D8EEA0A19.cache.js:623
setTimeout (async)
Fi @ client-661F308588AD7572265EBD1D8EEA0A19.cache.js:441
xi @ client-661F308588AD7572265EBD1D8EEA0A19.cache.js:700
Gr @ client-661F308588AD7572265EBD1D8EEA0A19.cache.js:1033
Hr @ client-661F308588AD7572265EBD1D8EEA0A19.cache.js:1014
Wt @ client-661F308588AD7572265EBD1D8EEA0A19.cache.js:1037
uC @ client-661F308588AD7572265EBD1D8EEA0A19.cache.js:1037
(anonymous) @ client-661F308588AD7572265EBD1D8EEA0A19.cache.js:615
sb @ client-661F308588AD7572265EBD1D8EEA0A19.cache.js:440
vb @ client-661F308588AD7572265EBD1D8EEA0A19.cache.js:897
(anonymous) @ client-661F308588AD7572265EBD1D8EEA0A19.cache.js:623
XMLHttpRequest.send (async)
sC @ client-661F308588AD7572265EBD1D8EEA0A19.cache.js:944
rC @ client-661F308588AD7572265EBD1D8EEA0A19.cache.js:578
Ot @ client-661F308588AD7572265EBD1D8EEA0A19.cache.js:968
ps @ client-661F308588AD7572265EBD1D8EEA0A19.cache.js:988
ms @ client-661F308588AD7572265EBD1D8EEA0A19.cache.js:957
rs @ client-661F308588AD7572265EBD1D8EEA0A19.cache.js:921
Ft @ client-661F308588AD7572265EBD1D8EEA0A19.cache.js:571
Jt @ client-661F308588AD7572265EBD1D8EEA0A19.cache.js:1037
Nt @ client-661F308588AD7572265EBD1D8EEA0A19.cache.js:1037
Ob @ client-661F308588AD7572265EBD1D8EEA0A19.cache.js:981
Hb @ client-661F308588AD7572265EBD1D8EEA0A19.cache.js:683
Sb @ client-661F308588AD7572265EBD1D8EEA0A19.cache.js:1037
Mb @ client-661F308588AD7572265EBD1D8EEA0A19.cache.js:209
sb @ client-661F308588AD7572265EBD1D8EEA0A19.cache.js:440
vb @ client-661F308588AD7572265EBD1D8EEA0A19.cache.js:897
(anonymous) @ client-661F308588AD7572265EBD1D8EEA0A19.cache.js:623
d @ client-661F308588AD7572265EBD1D8EEA0A19.cache.js:713
setTimeout (async)
Pb @ client-661F308588AD7572265EBD1D8EEA0A19.cache.js:714
Jb @ client-661F308588AD7572265EBD1D8EEA0A19.cache.js:716
po @ client-661F308588AD7572265EBD1D8EEA0A19.cache.js:597
Gt @ client-661F308588AD7572265EBD1D8EEA0A19.cache.js:706
vt @ client-661F308588AD7572265EBD1D8EEA0A19.cache.js:525
yt @ client-661F308588AD7572265EBD1D8EEA0A19.cache.js:905
Cv @ client-661F308588AD7572265EBD1D8EEA0A19.cache.js:1037
(anonymous) @ client-661F308588AD7572265EBD1D8EEA0A19.cache.js:995
sb @ client-661F308588AD7572265EBD1D8EEA0A19.cache.js:440
vb @ client-661F308588AD7572265EBD1D8EEA0A19.cache.js:897
(anonymous) @ client-661F308588AD7572265EBD1D8EEA0A19.cache.js:623
requestData @ comboBoxConnector.js?c659:51
comboBox.dataProvider @ comboBoxConnector.js?c659:156
_loadPage @ vaadin-combo-box-data-provider-mixin.js?a009:213
_ensureFirstPage @ vaadin-combo-box-data-provider-mixin.js?a009:142
runMethodEffect @ property-effects.js?0662:819
runEffectsForProperty @ property-effects.js?0662:157
runEffects @ property-effects.js?0662:121
_propertiesChanged @ property-effects.js?0662:1692
Dx.s._propertiesChanged @ client-661F308588AD7572265EBD1D8EEA0A19.cache.js:1037
_flushProperties @ properties-changed.js?2b39:354
_flushProperties @ property-effects.js?0662:1536
_invalidateProperties @ property-effects.js?0662:1506
_setProperty @ property-effects.js?0662:1491
Object.defineProperty.set @ properties-changed.js?2b39:153
open @ vaadin-combo-box-mixin.js?25a3:361
_onClick @ vaadin-combo-box-mixin.js?25a3:415
​ Resynchronizing from server
​ Sending xhr message to server: {"csrfToken":"e62883ab-68d9-43cb-9045-4b2a9a2dec1c","rpc":[],"syncId":7,"clientId":6,"resynchronize":true}
​ Server visit took 46.9ms
​ JSON parsing took 0.2ms
​ Received xhr message: for(;;);[{"syncId":10,"resynchronize":true,"clientId":7,"changes":[{"node":1,"type":"attach"},{"node":1,"type":"put","key":"tag","feat":0,"value":"body"},{"node":1,"type":"splice","feat":2,"index":0,"addNodes":[50]},{"node":1,"type":"empty","featType":true,"feat":19},{"node":1,"type":"put","key":"pushUrl","feat":5,"value":"context://vaadinServlet/"},{"node":1,"type":"put","key":"pushMode","feat":5,"value":"AUTOMATIC"},{"node":1,"type":"put","key":"parameters","feat":5,"nodeValue":2},{"node":2,"type":"attach"},{"node":2,"type":"put","key":"fallbackTransport","feat":6,"value":"long-polling"},{"node":2,"type":"put","key":"transport","feat":6,"value":"long-polling"},{"node":50,"type":"attach"},{"node":50,"type":"put","key":"tag","feat":0,"value":"vaadin-vertical-layout"},{"node":50,"type":"splice","feat":2,"index":0,"addNodes":[49]},{"node":50,"type":"empty","featType":true,"feat":19},{"node":50,"type":"put","key":"theme","feat":3,"value":"padding spacing"},{"node":50,"type":"put","key":"width","feat":12,"value":"100%"},{"node":49,"type":"attach"},{"node":49,"type":"put","key":"tag","feat":0,"value":"vaadin-vertical-layout"},{"node":49,"type":"splice","feat":2,"index":0,"addNodes":[48,34,19,16,15]},{"node":49,"type":"empty","featType":true,"feat":19},{"node":49,"type":"put","key":"theme","feat":3,"value":"padding spacing"},{"node":49,"type":"put","key":"width","feat":12,"value":"100%"},{"node":15,"type":"attach"},{"node":15,"type":"put","key":"visible","feat":0,"value":false},{"node":15,"type":"put","key":"tag","feat":0,"value":"vaadin-horizontal-layout"},{"node":4,"type":"attach"},{"node":4,"type":"put","key":"tag","feat":0,"value":"label"},{"node":3,"type":"attach"},{"node":3,"type":"put","key":"text","feat":7,"value":"Mostrando registros del: "},{"node":5,"type":"attach"},{"node":5,"type":"put","key":"tag","feat":0,"value":"vaadin-combo-box"},{"node":7,"type":"attach"},{"node":7,"type":"put","key":"tag","feat":0,"value":"label"},{"node":6,"type":"attach"},{"node":6,"type":"put","key":"text","feat":7,"value":"Ir a Página: "},{"node":10,"type":"attach"},{"node":10,"type":"put","key":"tag","feat":0,"value":"vaadin-button"},{"node":8,"type":"attach"},{"node":8,"type":"put","key":"text","feat":7,"value":"Sig."},{"node":9,"type":"attach"},{"node":9,"type":"put","key":"tag","feat":0,"value":"iron-icon"},{"node":11,"type":"attach"},{"node":11,"type":"put","key":"tag","feat":0,"value":"label"},{"node":14,"type":"attach"},{"node":14,"type":"put","key":"tag","feat":0,"value":"vaadin-button"},{"node":12,"type":"attach"},{"node":12,"type":"put","key":"text","feat":7,"value":"Ant."},{"node":13,"type":"attach"},{"node":13,"type":"put","key":"tag","feat":0,"value":"iron-icon"},{"node":16,"type":"attach"},{"node":16,"type":"put","key":"tag","feat":0,"value":"vaadin-horizontal-layout"},{"node":16,"type":"empty","featType":true,"feat":2},{"node":16,"type":"empty","featType":true,"feat":19},{"node":16,"type":"put","key":"theme","feat":3,"value":"spacing"},{"node":16,"type":"put","key":"width","feat":12,"value":"100%"},{"node":16,"type":"put","key":"justify-content","feat":12,"value":"center"},{"node":19,"type":"attach"},{"node":19,"type":"put","key":"visible","feat":0,"value":false},{"node":19,"type":"put","key":"tag","feat":0,"value":"vaadin-vertical-layout"},{"node":18,"type":"attach"},{"node":18,"type":"put","key":"tag","feat":0,"value":"label"},{"node":17,"type":"attach"},{"node":17,"type":"put","key":"text","feat":7,"value":"Resultados de la Búsqueda"},{"node":34,"type":"attach"},{"node":34,"type":"put","key":"tag","feat":0,"value":"vaadin-vertical-layout"},{"node":34,"type":"splice","feat":2,"index":0,"addNodes":[33,31,29,27,25,23,21]},{"node":34,"type":"empty","featType":true,"feat":19},{"node":34,"type":"put","key":"theme","feat":3,"value":"padding spacing"},{"node":34,"type":"put","key":"width","feat":12,"value":"100%"},{"node":21,"type":"attach"},{"node":21,"type":"put","key":"tag","feat":0,"value":"label"},{"node":21,"type":"clear","feat":2},{"node":21,"type":"splice","feat":2,"index":0,"addNodes":[20]},{"node":21,"type":"empty","featType":true,"feat":19},{"node":20,"type":"attach"},{"node":20,"type":"put","key":"text","feat":7,"value":" "},{"node":23,"type":"attach"},{"node":23,"type":"put","key":"tag","feat":0,"value":"label"},{"node":23,"type":"clear","feat":2},{"node":23,"type":"splice","feat":2,"index":0,"addNodes":[22]},{"node":23,"type":"empty","featType":true,"feat":19},{"node":22,"type":"attach"},{"node":22,"type":"put","key":"text","feat":7,"value":" "},{"node":25,"type":"attach"},{"node":25,"type":"put","key":"tag","feat":0,"value":"label"},{"node":25,"type":"clear","feat":2},{"node":25,"type":"splice","feat":2,"index":0,"addNodes":[24]},{"node":25,"type":"empty","featType":true,"feat":19},{"node":24,"type":"attach"},{"node":24,"type":"put","key":"text","feat":7,"value":" "},{"node":27,"type":"attach"},{"node":27,"type":"put","key":"tag","feat":0,"value":"label"},{"node":27,"type":"cl
​ Received resync message with id 10 while waiting for 8
​ Handling message from server
​ Handling dependencies
​ StateTree after applying changes:
​ {pushConfiguration: {…}, elementData: {…}, clientDelegateHandlers: Array(0), polymerServerEventHandlers: Array(0), synchronizedPropertyEvents: Array(0), …}
​ handleUIDLMessage: 2 ms
​  Processing time was 118ms
​ Sending xhr message to server: {"csrfToken":"e62883ab-68d9-43cb-9045-4b2a9a2dec1c","rpc":[{"type":"event","node":44,"event":"value-changed","data":{}},{"type":"event","node":43,"event":"value-changed","data":{}},{"type":"event","node":41,"event":"value-changed","data":{}},{"type":"event","node":40,"event":"value-changed","data":{}},{"type":"event","node":38,"event":"value-changed","data":{}},{"type":"event","node":37,"event":"value-changed","data":{}},{"type":"publishedEventHandler","node":41,"templateEventMethodName":"setRequestedRange","templateEventMethodArgs":[0,50,""],"promise":0}],"syncId":10,"clientId":7}
client-661F308588AD7…EA0A19.cache.js:793 Uncaught (in promise) Error: Client is resynchronizing
    at client-661F308588AD7…EA0A19.cache.js:793
    at Array.forEach (<anonymous>)
    at tw (client-661F308588AD7…EA0A19.cache.js:793)
    at qv (client-661F308588AD7…EA0A19.cache.js:703)
    at Function.Ev (client-661F308588AD7…A0A19.cache.js:1037)
    at d (client-661F308588AD7…EA0A19.cache.js:679)
    at Map.forEach (<anonymous>)
    at rv (client-661F308588AD7…EA0A19.cache.js:691)
    at Gr (client-661F308588AD7…A0A19.cache.js:1033)
    at Hr (client-661F308588AD7…A0A19.cache.js:1014)
    at Ut.Wt [as yb] (client-661F308588AD7…A0A19.cache.js:1037)
    at tC.uC [as L] (client-661F308588AD7…A0A19.cache.js:1037)
    at XMLHttpRequest.<anonymous> (client-661F308588AD7…EA0A19.cache.js:615)
    at sb (client-661F308588AD7…EA0A19.cache.js:440)
    at vb (client-661F308588AD7…EA0A19.cache.js:897)
    at XMLHttpRequest.<anonymous> (client-661F308588AD7…EA0A19.cache.js:623)
(anonymous) @ client-661F308588AD7…EA0A19.cache.js:793
tw @ client-661F308588AD7…EA0A19.cache.js:793
qv @ client-661F308588AD7…EA0A19.cache.js:703
Ev @ client-661F308588AD7…A0A19.cache.js:1037
d @ client-661F308588AD7…EA0A19.cache.js:679
rv @ client-661F308588AD7…EA0A19.cache.js:691
Gr @ client-661F308588AD7…A0A19.cache.js:1033
Hr @ client-661F308588AD7…A0A19.cache.js:1014
Wt @ client-661F308588AD7…A0A19.cache.js:1037
uC @ client-661F308588AD7…A0A19.cache.js:1037
(anonymous) @ client-661F308588AD7…EA0A19.cache.js:615
sb @ client-661F308588AD7…EA0A19.cache.js:440
vb @ client-661F308588AD7…EA0A19.cache.js:897
(anonymous) @ client-661F308588AD7…EA0A19.cache.js:623
XMLHttpRequest.send (async)
sC @ client-661F308588AD7…EA0A19.cache.js:944
rC @ client-661F308588AD7…EA0A19.cache.js:578
Ot @ client-661F308588AD7…EA0A19.cache.js:968
ps @ client-661F308588AD7…EA0A19.cache.js:988
os @ client-661F308588AD7…EA0A19.cache.js:781
Dr @ client-661F308588AD7…EA0A19.cache.js:989
$r @ client-661F308588AD7…A0A19.cache.js:1037
Di @ client-661F308588AD7…A0A19.cache.js:1037
(anonymous) @ client-661F308588AD7…EA0A19.cache.js:478
sb @ client-661F308588AD7…EA0A19.cache.js:440
vb @ client-661F308588AD7…EA0A19.cache.js:897
(anonymous) @ client-661F308588AD7…EA0A19.cache.js:623
setTimeout (async)
Fi @ client-661F308588AD7…EA0A19.cache.js:441
xi @ client-661F308588AD7…EA0A19.cache.js:700
Gr @ client-661F308588AD7…A0A19.cache.js:1033
Hr @ client-661F308588AD7…A0A19.cache.js:1014
Wt @ client-661F308588AD7…A0A19.cache.js:1037
uC @ client-661F308588AD7…A0A19.cache.js:1037
(anonymous) @ client-661F308588AD7…EA0A19.cache.js:615
sb @ client-661F308588AD7…EA0A19.cache.js:440
vb @ client-661F308588AD7…EA0A19.cache.js:897
(anonymous) @ client-661F308588AD7…EA0A19.cache.js:623
XMLHttpRequest.send (async)
sC @ client-661F308588AD7…EA0A19.cache.js:944
rC @ client-661F308588AD7…EA0A19.cache.js:578
Ot @ client-661F308588AD7…EA0A19.cache.js:968
ps @ client-661F308588AD7…EA0A19.cache.js:988
ms @ client-661F308588AD7…EA0A19.cache.js:957
rs @ client-661F308588AD7…EA0A19.cache.js:921
at @ client-661F308588AD7…EA0A19.cache.js:922
Or @ client-661F308588AD7…A0A19.cache.js:1032
ds @ client-661F308588AD7…A0A19.cache.js:1037
tk @ client-661F308588AD7…EA0A19.cache.js:432
Gr @ client-661F308588AD7…A0A19.cache.js:1033
Hr @ client-661F308588AD7…A0A19.cache.js:1014
Wt @ client-661F308588AD7…A0A19.cache.js:1037
uC @ client-661F308588AD7…A0A19.cache.js:1037
(anonymous) @ client-661F308588AD7…EA0A19.cache.js:615
sb @ client-661F308588AD7…EA0A19.cache.js:440
vb @ client-661F308588AD7…EA0A19.cache.js:897
(anonymous) @ client-661F308588AD7…EA0A19.cache.js:623
XMLHttpRequest.send (async)
sC @ client-661F308588AD7…EA0A19.cache.js:944
rC @ client-661F308588AD7…EA0A19.cache.js:578
Ot @ client-661F308588AD7…EA0A19.cache.js:968
ps @ client-661F308588AD7…EA0A19.cache.js:988
os @ client-661F308588AD7…EA0A19.cache.js:781
Dr @ client-661F308588AD7…EA0A19.cache.js:989
$r @ client-661F308588AD7…A0A19.cache.js:1037
Di @ client-661F308588AD7…A0A19.cache.js:1037
(anonymous) @ client-661F308588AD7…EA0A19.cache.js:478
sb @ client-661F308588AD7…EA0A19.cache.js:440
vb @ client-661F308588AD7…EA0A19.cache.js:897
(anonymous) @ client-661F308588AD7…EA0A19.cache.js:623
setTimeout (async)
Fi @ client-661F308588AD7…EA0A19.cache.js:441
xi @ client-661F308588AD7…EA0A19.cache.js:700
Gr @ client-661F308588AD7…A0A19.cache.js:1033
Hr @ client-661F308588AD7…A0A19.cache.js:1014
Wt @ client-661F308588AD7…A0A19.cache.js:1037
uC @ client-661F308588AD7…A0A19.cache.js:1037
(anonymous) @ client-661F308588AD7…EA0A19.cache.js:615
sb @ client-661F308588AD7…EA0A19.cache.js:440
vb @ client-661F308588AD7…EA0A19.cache.js:897
(anonymous) @ client-661F308588AD7…EA0A19.cache.js:623
XMLHttpRequest.send (async)
sC @ client-661F308588AD7…EA0A19.cache.js:944
rC @ client-661F308588AD7…EA0A19.cache.js:578
Ot @ client-661F308588AD7…EA0A19.cache.js:968
ps @ client-661F308588AD7…EA0A19.cache.js:988
ms @ client-661F308588AD7…EA0A19.cache.js:957
rs @ client-661F308588AD7…EA0A19.cache.js:921
at @ client-661F308588AD7…EA0A19.cache.js:922
Or @ client-661F308588AD7…A0A19.cache.js:1032
ds @ client-661F308588AD7…A0A19.cache.js:1037
tk @ client-661F308588AD7…EA0A19.cache.js:432
Gr @ client-661F308588AD7…A0A19.cache.js:1033
Hr @ client-661F308588AD7…A0A19.cache.js:1014
Wt @ client-661F308588AD7…A0A19.cache.js:1037
uC @ client-661F308588AD7…A0A19.cache.js:1037
(anonymous) @ client-661F308588AD7…EA0A19.cache.js:615
sb @ client-661F308588AD7…EA0A19.cache.js:440
vb @ client-661F308588AD7…EA0A19.cache.js:897
(anonymous) @ client-661F308588AD7…EA0A19.cache.js:623
XMLHttpRequest.send (async)
sC @ client-661F308588AD7…EA0A19.cache.js:944
rC @ client-661F308588AD7…EA0A19.cache.js:578
Ot @ client-661F308588AD7…EA0A19.cache.js:968
ps @ client-661F308588AD7…EA0A19.cache.js:988
os @ client-661F308588AD7…EA0A19.cache.js:781
Dr @ client-661F308588AD7…EA0A19.cache.js:989
$r @ client-661F308588AD7…A0A19.cache.js:1037
Di @ client-661F308588AD7…A0A19.cache.js:1037
(anonymous) @ client-661F308588AD7…EA0A19.cache.js:478
sb @ client-661F308588AD7…EA0A19.cache.js:440
vb @ client-661F308588AD7…EA0A19.cache.js:897
(anonymous) @ client-661F308588AD7…EA0A19.cache.js:623
setTimeout (async)
Fi @ client-661F308588AD7…EA0A19.cache.js:441
xi @ client-661F308588AD7…EA0A19.cache.js:700
Gr @ client-661F308588AD7…A0A19.cache.js:1033
Hr @ client-661F308588AD7…A0A19.cache.js:1014
Wt @ client-661F308588AD7…A0A19.cache.js:1037
uC @ client-661F308588AD7…A0A19.cache.js:1037
(anonymous) @ client-661F308588AD7…EA0A19.cache.js:615
sb @ client-661F308588AD7…EA0A19.cache.js:440
vb @ client-661F308588AD7…EA0A19.cache.js:897
(anonymous) @ client-661F308588AD7…EA0A19.cache.js:623
XMLHttpRequest.send (async)
sC @ client-661F308588AD7…EA0A19.cache.js:944
rC @ client-661F308588AD7…EA0A19.cache.js:578
Ot @ client-661F308588AD7…EA0A19.cache.js:968
ps @ client-661F308588AD7…EA0A19.cache.js:988
ms @ client-661F308588AD7…EA0A19.cache.js:957
rs @ client-661F308588AD7…EA0A19.cache.js:921
Ft @ client-661F308588AD7…EA0A19.cache.js:571
Jt @ client-661F308588AD7…A0A19.cache.js:1037
Nt @ client-661F308588AD7…A0A19.cache.js:1037
Ob @ client-661F308588AD7…EA0A19.cache.js:981
Hb @ client-661F308588AD7…EA0A19.cache.js:683
Sb @ client-661F308588AD7…A0A19.cache.js:1037
Mb @ client-661F308588AD7…EA0A19.cache.js:209
sb @ client-661F308588AD7…EA0A19.cache.js:440
vb @ client-661F308588AD7…EA0A19.cache.js:897
(anonymous) @ client-661F308588AD7…EA0A19.cache.js:623
d @ client-661F308588AD7…EA0A19.cache.js:713
setTimeout (async)
Pb @ client-661F308588AD7…EA0A19.cache.js:714
Jb @ client-661F308588AD7…EA0A19.cache.js:716
po @ client-661F308588AD7…EA0A19.cache.js:597
Gt @ client-661F308588AD7…EA0A19.cache.js:706
vt @ client-661F308588AD7…EA0A19.cache.js:525
yt @ client-661F308588AD7…EA0A19.cache.js:905
Cv @ client-661F308588AD7…A0A19.cache.js:1037
(anonymous) @ client-661F308588AD7…EA0A19.cache.js:995
sb @ client-661F308588AD7…EA0A19.cache.js:440
vb @ client-661F308588AD7…EA0A19.cache.js:897
(anonymous) @ client-661F308588AD7…EA0A19.cache.js:623
requestData @ comboBoxConnector.js:51
comboBox.dataProvider @ comboBoxConnector.js:156
_loadPage @ vaadin-combo-box-dat…ovider-mixin.js:216
_ensureFirstPage @ vaadin-combo-box-dat…ovider-mixin.js:145
runMethodEffect @ property-effects.js:829
runEffectsForProperty @ property-effects.js:167
runEffects @ property-effects.js:131
_propertiesChanged @ property-effects.js:1702
Dx.s._propertiesChanged @ client-661F308588AD7…A0A19.cache.js:1037
_flushProperties @ properties-changed.js:360
_flushProperties @ property-effects.js:1546
_invalidateProperties @ property-effects.js:1516
_setProperty @ property-effects.js:1501
Object.defineProperty.set @ properties-changed.js:159
open @ vaadin-combo-box-mixin.js:371
_onClick @ vaadin-combo-box-mixin.js:425
​ Server visit took 82ms
​ JSON parsing took 0ms
​ Received xhr message: for(;;);[{"syncId":12,"clientId":8,"execute":[["",[0,41],"return (function() { this._selectedKey=$0}).apply($1)"],[0,null,[0,41],"return (function() { this.$server['}p']($0, true, $1)}).apply($2)"],[[0,41],0,"return $0.$connector.updateSize($1)"],[[0,41],0,[1,[]],"","return $0.$connector.set($1,$2,$3)"],[[0,41],7,"","return $0.$connector.confirm($1,$2)"]],"timings":[574,14]}]
​ Received message with server id 12 but expected 11. Postponing handling until the missing message(s) have been received
​ Gave up waiting for message 11 from the server
pD @ client-661F308588AD7…EA0A19.cache.js:200
zj @ client-661F308588AD7…EA0A19.cache.js:361
Dr @ client-661F308588AD7…EA0A19.cache.js:989
$r @ client-661F308588AD7…A0A19.cache.js:1037
Di @ client-661F308588AD7…A0A19.cache.js:1037
(anonymous) @ client-661F308588AD7…EA0A19.cache.js:478
sb @ client-661F308588AD7…EA0A19.cache.js:440
vb @ client-661F308588AD7…EA0A19.cache.js:897
(anonymous) @ client-661F308588AD7…EA0A19.cache.js:623
setTimeout (async)
Fi @ client-661F308588AD7…EA0A19.cache.js:441
xi @ client-661F308588AD7…EA0A19.cache.js:700
Gr @ client-661F308588AD7…A0A19.cache.js:1033
Hr @ client-661F308588AD7…A0A19.cache.js:1014
Wt @ client-661F308588AD7…A0A19.cache.js:1037
uC @ client-661F308588AD7…A0A19.cache.js:1037
(anonymous) @ client-661F308588AD7…EA0A19.cache.js:615
sb @ client-661F308588AD7…EA0A19.cache.js:440
vb @ client-661F308588AD7…EA0A19.cache.js:897
(anonymous) @ client-661F308588AD7…EA0A19.cache.js:623
XMLHttpRequest.send (async)
sC @ client-661F308588AD7…EA0A19.cache.js:944
rC @ client-661F308588AD7…EA0A19.cache.js:578
Ot @ client-661F308588AD7…EA0A19.cache.js:968
ps @ client-661F308588AD7…EA0A19.cache.js:988
ms @ client-661F308588AD7…EA0A19.cache.js:957
rs @ client-661F308588AD7…EA0A19.cache.js:921
at @ client-661F308588AD7…EA0A19.cache.js:922
Or @ client-661F308588AD7…A0A19.cache.js:1032
ds @ client-661F308588AD7…A0A19.cache.js:1037
tk @ client-661F308588AD7…EA0A19.cache.js:432
Gr @ client-661F308588AD7…A0A19.cache.js:1033
Hr @ client-661F308588AD7…A0A19.cache.js:1014
Wt @ client-661F308588AD7…A0A19.cache.js:1037
uC @ client-661F308588AD7…A0A19.cache.js:1037
(anonymous) @ client-661F308588AD7…EA0A19.cache.js:615
sb @ client-661F308588AD7…EA0A19.cache.js:440
vb @ client-661F308588AD7…EA0A19.cache.js:897
(anonymous) @ client-661F308588AD7…EA0A19.cache.js:623
XMLHttpRequest.send (async)
sC @ client-661F308588AD7…EA0A19.cache.js:944
rC @ client-661F308588AD7…EA0A19.cache.js:578
Ot @ client-661F308588AD7…EA0A19.cache.js:968
ps @ client-661F308588AD7…EA0A19.cache.js:988
os @ client-661F308588AD7…EA0A19.cache.js:781
Dr @ client-661F308588AD7…EA0A19.cache.js:989
$r @ client-661F308588AD7…A0A19.cache.js:1037
Di @ client-661F308588AD7…A0A19.cache.js:1037
(anonymous) @ client-661F308588AD7…EA0A19.cache.js:478
sb @ client-661F308588AD7…EA0A19.cache.js:440
vb @ client-661F308588AD7…EA0A19.cache.js:897
(anonymous) @ client-661F308588AD7…EA0A19.cache.js:623
setTimeout (async)
Fi @ client-661F308588AD7…EA0A19.cache.js:441
xi @ client-661F308588AD7…EA0A19.cache.js:700
Gr @ client-661F308588AD7…A0A19.cache.js:1033
Hr @ client-661F308588AD7…A0A19.cache.js:1014
Wt @ client-661F308588AD7…A0A19.cache.js:1037
uC @ client-661F308588AD7…A0A19.cache.js:1037
(anonymous) @ client-661F308588AD7…EA0A19.cache.js:615
sb @ client-661F308588AD7…EA0A19.cache.js:440
vb @ client-661F308588AD7…EA0A19.cache.js:897
(anonymous) @ client-661F308588AD7…EA0A19.cache.js:623
XMLHttpRequest.send (async)
sC @ client-661F308588AD7…EA0A19.cache.js:944
rC @ client-661F308588AD7…EA0A19.cache.js:578
Ot @ client-661F308588AD7…EA0A19.cache.js:968
ps @ client-661F308588AD7…EA0A19.cache.js:988
ms @ client-661F308588AD7…EA0A19.cache.js:957
rs @ client-661F308588AD7…EA0A19.cache.js:921
at @ client-661F308588AD7…EA0A19.cache.js:922
Or @ client-661F308588AD7…A0A19.cache.js:1032
ds @ client-661F308588AD7…A0A19.cache.js:1037
tk @ client-661F308588AD7…EA0A19.cache.js:432
Gr @ client-661F308588AD7…A0A19.cache.js:1033
Hr @ client-661F308588AD7…A0A19.cache.js:1014
Wt @ client-661F308588AD7…A0A19.cache.js:1037
uC @ client-661F308588AD7…A0A19.cache.js:1037
(anonymous) @ client-661F308588AD7…EA0A19.cache.js:615
sb @ client-661F308588AD7…EA0A19.cache.js:440
vb @ client-661F308588AD7…EA0A19.cache.js:897
(anonymous) @ client-661F308588AD7…EA0A19.cache.js:623
XMLHttpRequest.send (async)
sC @ client-661F308588AD7…EA0A19.cache.js:944
rC @ client-661F308588AD7…EA0A19.cache.js:578
Ot @ client-661F308588AD7…EA0A19.cache.js:968
ps @ client-661F308588AD7…EA0A19.cache.js:988
os @ client-661F308588AD7…EA0A19.cache.js:781
Dr @ client-661F308588AD7…EA0A19.cache.js:989
$r @ client-661F308588AD7…A0A19.cache.js:1037
Di @ client-661F308588AD7…A0A19.cache.js:1037
(anonymous) @ client-661F308588AD7…EA0A19.cache.js:478
sb @ client-661F308588AD7…EA0A19.cache.js:440
vb @ client-661F308588AD7…EA0A19.cache.js:897
(anonymous) @ client-661F308588AD7…EA0A19.cache.js:623
setTimeout (async)
Fi @ client-661F308588AD7…EA0A19.cache.js:441
xi @ client-661F308588AD7…EA0A19.cache.js:700
Gr @ client-661F308588AD7…A0A19.cache.js:1033
Hr @ client-661F308588AD7…A0A19.cache.js:1014
Wt @ client-661F308588AD7…A0A19.cache.js:1037
uC @ client-661F308588AD7…A0A19.cache.js:1037
(anonymous) @ client-661F308588AD7…EA0A19.cache.js:615
sb @ client-661F308588AD7…EA0A19.cache.js:440
vb @ client-661F308588AD7…EA0A19.cache.js:897
(anonymous) @ client-661F308588AD7…EA0A19.cache.js:623
XMLHttpRequest.send (async)
sC @ client-661F308588AD7…EA0A19.cache.js:944
rC @ client-661F308588AD7…EA0A19.cache.js:578
Ot @ client-661F308588AD7…EA0A19.cache.js:968
ps @ client-661F308588AD7…EA0A19.cache.js:988
ms @ client-661F308588AD7…EA0A19.cache.js:957
rs @ client-661F308588AD7…EA0A19.cache.js:921
at @ client-661F308588AD7…EA0A19.cache.js:922
Or @ client-661F308588AD7…A0A19.cache.js:1032
ds @ client-661F308588AD7…A0A19.cache.js:1037
tk @ client-661F308588AD7…EA0A19.cache.js:432
Gr @ client-661F308588AD7…A0A19.cache.js:1033
Hr @ client-661F308588AD7…A0A19.cache.js:1014
Wt @ client-661F308588AD7…A0A19.cache.js:1037
uC @ client-661F308588AD7…A0A19.cache.js:1037
(anonymous) @ client-661F308588AD7…EA0A19.cache.js:615
sb @ client-661F308588AD7…EA0A19.cache.js:440
vb @ client-661F308588AD7…EA0A19.cache.js:897
(anonymous) @ client-661F308588AD7…EA0A19.cache.js:623
XMLHttpRequest.send (async)
sC @ client-661F308588AD7…EA0A19.cache.js:944
rC @ client-661F308588AD7…EA0A19.cache.js:578
Ot @ client-661F308588AD7…EA0A19.cache.js:968
ps @ client-661F308588AD7…EA0A19.cache.js:988
os @ client-661F308588AD7…EA0A19.cache.js:781
Dr @ client-661F308588AD7…EA0A19.cache.js:989
$r @ client-661F308588AD7…A0A19.cache.js:1037
Di @ client-661F308588AD7…A0A19.cache.js:1037
(anonymous) @ client-661F308588AD7…EA0A19.cache.js:478
sb @ client-661F308588AD7…EA0A19.cache.js:440
vb @ client-661F308588AD7…EA0A19.cache.js:897
(anonymous) @ client-661F308588AD7…EA0A19.cache.js:623
setTimeout (async)
Fi @ client-661F308588AD7…EA0A19.cache.js:441
xi @ client-661F308588AD7…EA0A19.cache.js:700
Gr @ client-661F308588AD7…A0A19.cache.js:1033
Hr @ client-661F308588AD7…A0A19.cache.js:1014
Wt @ client-661F308588AD7…A0A19.cache.js:1037
uC @ client-661F308588AD7…A0A19.cache.js:1037
(anonymous) @ client-661F308588AD7…EA0A19.cache.js:615
sb @ client-661F308588AD7…EA0A19.cache.js:440
vb @ client-661F308588AD7…EA0A19.cache.js:897
(anonymous) @ client-661F308588AD7…EA0A19.cache.js:623
XMLHttpRequest.send (async)
sC @ client-661F308588AD7…EA0A19.cache.js:944
rC @ client-661F308588AD7…EA0A19.cache.js:578
Ot @ client-661F308588AD7…EA0A19.cache.js:968
ps @ client-661F308588AD7…EA0A19.cache.js:988
ms @ client-661F308588AD7…EA0A19.cache.js:957
rs @ client-661F308588AD7…EA0A19.cache.js:921
Ft @ client-661F308588AD7…EA0A19.cache.js:571
Jt @ client-661F308588AD7…A0A19.cache.js:1037
Nt @ client-661F308588AD7…A0A19.cache.js:1037
Ob @ client-661F308588AD7…EA0A19.cache.js:981
Hb @ client-661F308588AD7…EA0A19.cache.js:683
Sb @ client-661F308588AD7…A0A19.cache.js:1037
Mb @ client-661F308588AD7…EA0A19.cache.js:209
sb @ client-661F308588AD7…EA0A19.cache.js:440
vb @ client-661F308588AD7…EA0A19.cache.js:897
(anonymous) @ client-661F308588AD7…EA0A19.cache.js:623
d @ client-661F308588AD7…EA0A19.cache.js:713
setTimeout (async)
Pb @ client-661F308588AD7…EA0A19.cache.js:714
Jb @ client-661F308588AD7…EA0A19.cache.js:716
po @ client-661F308588AD7…EA0A19.cache.js:597
Gt @ client-661F308588AD7…EA0A19.cache.js:706
vt @ client-661F308588AD7…EA0A19.cache.js:525
yt @ client-661F308588AD7…EA0A19.cache.js:905
Cv @ client-661F308588AD7…A0A19.cache.js:1037
(anonymous) @ client-661F308588AD7…EA0A19.cache.js:995
sb @ client-661F308588AD7…EA0A19.cache.js:440
vb @ client-661F308588AD7…EA0A19.cache.js:897
(anonymous) @ client-661F308588AD7…EA0A19.cache.js:623
requestData @ comboBoxConnector.js:51
comboBox.dataProvider @ comboBoxConnector.js:156
_loadPage @ vaadin-combo-box-dat…ovider-mixin.js:216
_ensureFirstPage @ vaadin-combo-box-dat…ovider-mixin.js:145
runMethodEffect @ property-effects.js:829
runEffectsForProperty @ property-effects.js:167
runEffects @ property-effects.js:131
_propertiesChanged @ property-effects.js:1702
Dx.s._propertiesChanged @ client-661F308588AD7…A0A19.cache.js:1037
_flushProperties @ properties-changed.js:360
_flushProperties @ property-effects.js:1546
_invalidateProperties @ property-effects.js:1516
_setProperty @ property-effects.js:1501
Object.defineProperty.set @ properties-changed.js:159
open @ vaadin-combo-box-mixin.js:371
_onClick @ vaadin-combo-box-mixin.js:425
​ Resynchronizing from server
​ Sending xhr message to server: {"csrfToken":"e62883ab-68d9-43cb-9045-4b2a9a2dec1c","rpc":[],"syncId":10,"clientId":8,"resynchronize":true}
​ Server visit took 26.7ms
​ JSON parsing took 0.4ms
​ Received xhr message: for(;;);[{"syncId":13,"resynchronize":true,"clientId":9,"changes":[{"node":1,"type":"attach"},{"node":1,"type":"put","key":"tag","feat":0,"value":"body"},{"node":1,"type":"splice","feat":2,"index":0,"addNodes":[50]},{"node":1,"type":"empty","featType":true,"feat":19},{"node":1,"type":"put","key":"pushUrl","feat":5,"value":"context://vaadinServlet/"},{"node":1,"type":"put","key":"pushMode","feat":5,"value":"AUTOMATIC"},{"node":1,"type":"put","key":"parameters","feat":5,"nodeValue":2},{"node":2,"type":"attach"},{"node":2,"type":"put","key":"fallbackTransport","feat":6,"value":"long-polling"},{"node":2,"type":"put","key":"transport","feat":6,"value":"long-polling"},{"node":50,"type":"attach"},{"node":50,"type":"put","key":"tag","feat":0,"value":"vaadin-vertical-layout"},{"node":50,"type":"splice","feat":2,"index":0,"addNodes":[49]},{"node":50,"type":"empty","featType":true,"feat":19},{"node":50,"type":"put","key":"theme","feat":3,"value":"padding spacing"},{"node":50,"type":"put","key":"width","feat":12,"value":"100%"},{"node":49,"type":"attach"},{"node":49,"type":"put","key":"tag","feat":0,"value":"vaadin-vertical-layout"},{"node":49,"type":"splice","feat":2,"index":0,"addNodes":[48,34,19,16,15]},{"node":49,"type":"empty","featType":true,"feat":19},{"node":49,"type":"put","key":"theme","feat":3,"value":"padding spacing"},{"node":49,"type":"put","key":"width","feat":12,"value":"100%"},{"node":15,"type":"attach"},{"node":15,"type":"put","key":"visible","feat":0,"value":false},{"node":15,"type":"put","key":"tag","feat":0,"value":"vaadin-horizontal-layout"},{"node":4,"type":"attach"},{"node":4,"type":"put","key":"tag","feat":0,"value":"label"},{"node":3,"type":"attach"},{"node":3,"type":"put","key":"text","feat":7,"value":"Mostrando registros del: "},{"node":5,"type":"attach"},{"node":5,"type":"put","key":"tag","feat":0,"value":"vaadin-combo-box"},{"node":7,"type":"attach"},{"node":7,"type":"put","key":"tag","feat":0,"value":"label"},{"node":6,"type":"attach"},{"node":6,"type":"put","key":"text","feat":7,"value":"Ir a Página: "},{"node":10,"type":"attach"},{"node":10,"type":"put","key":"tag","feat":0,"value":"vaadin-button"},{"node":8,"type":"attach"},{"node":8,"type":"put","key":"text","feat":7,"value":"Sig."},{"node":9,"type":"attach"},{"node":9,"type":"put","key":"tag","feat":0,"value":"iron-icon"},{"node":11,"type":"attach"},{"node":11,"type":"put","key":"tag","feat":0,"value":"label"},{"node":14,"type":"attach"},{"node":14,"type":"put","key":"tag","feat":0,"value":"vaadin-button"},{"node":12,"type":"attach"},{"node":12,"type":"put","key":"text","feat":7,"value":"Ant."},{"node":13,"type":"attach"},{"node":13,"type":"put","key":"tag","feat":0,"value":"iron-icon"},{"node":16,"type":"attach"},{"node":16,"type":"put","key":"tag","feat":0,"value":"vaadin-horizontal-layout"},{"node":16,"type":"empty","featType":true,"feat":2},{"node":16,"type":"empty","featType":true,"feat":19},{"node":16,"type":"put","key":"theme","feat":3,"value":"spacing"},{"node":16,"type":"put","key":"width","feat":12,"value":"100%"},{"node":16,"type":"put","key":"justify-content","feat":12,"value":"center"},{"node":19,"type":"attach"},{"node":19,"type":"put","key":"visible","feat":0,"value":false},{"node":19,"type":"put","key":"tag","feat":0,"value":"vaadin-vertical-layout"},{"node":18,"type":"attach"},{"node":18,"type":"put","key":"tag","feat":0,"value":"label"},{"node":17,"type":"attach"},{"node":17,"type":"put","key":"text","feat":7,"value":"Resultados de la Búsqueda"},{"node":34,"type":"attach"},{"node":34,"type":"put","key":"tag","feat":0,"value":"vaadin-vertical-layout"},{"node":34,"type":"splice","feat":2,"index":0,"addNodes":[33,31,29,27,25,23,21]},{"node":34,"type":"empty","featType":true,"feat":19},{"node":34,"type":"put","key":"theme","feat":3,"value":"padding spacing"},{"node":34,"type":"put","key":"width","feat":12,"value":"100%"},{"node":21,"type":"attach"},{"node":21,"type":"put","key":"tag","feat":0,"value":"label"},{"node":21,"type":"clear","feat":2},{"node":21,"type":"splice","feat":2,"index":0,"addNodes":[20]},{"node":21,"type":"empty","featType":true,"feat":19},{"node":20,"type":"attach"},{"node":20,"type":"put","key":"text","feat":7,"value":" "},{"node":23,"type":"attach"},{"node":23,"type":"put","key":"tag","feat":0,"value":"label"},{"node":23,"type":"clear","feat":2},{"node":23,"type":"splice","feat":2,"index":0,"addNodes":[22]},{"node":23,"type":"empty","featType":true,"feat":19},{"node":22,"type":"attach"},{"node":22,"type":"put","key":"text","feat":7,"value":" "},{"node":25,"type":"attach"},{"node":25,"type":"put","key":"tag","feat":0,"value":"label"},{"node":25,"type":"clear","feat":2},{"node":25,"type":"splice","feat":2,"index":0,"addNodes":[24]},{"node":25,"type":"empty","featType":true,"feat":19},{"node":24,"type":"attach"},{"node":24,"type":"put","key":"text","feat":7,"value":" "},{"node":27,"type":"attach"},{"node":27,"type":"put","key":"tag","feat":0,"value":"label"},{"node":27,"type":"cl
​ Received resync message with id 13 while waiting for 11
​ Handling message from server
​ Handling dependencies
​ StateTree after applying changes:
​ {pushConfiguration: {…}, elementData: {…}, clientDelegateHandlers: Array(0), polymerServerEventHandlers: Array(0), synchronizedPropertyEvents: Array(0), …}
​ handleUIDLMessage: 3 ms
​  Processing time was 118ms
​ Sending xhr message to server: {"csrfToken":"e62883ab-68d9-43cb-9045-4b2a9a2dec1c","rpc":[{"type":"event","node":44,"event":"value-changed","data":{}},{"type":"event","node":43,"event":"value-changed","data":{}},{"type":"event","node":41,"event":"value-changed","data":{}},{"type":"event","node":40,"event":"value-changed","data":{}},{"type":"event","node":38,"event":"value-changed","data":{}},{"type":"event","node":37,"event":"value-changed","data":{}},{"type":"publishedEventHandler","node":41,"templateEventMethodName":"setRequestedRange","templateEventMethodArgs":[0,50,""],"promise":0}],"syncId":13,"clientId":9}
client-661F308588AD7…EA0A19.cache.js:793 Uncaught (in promise) Error: Client is resynchronizing
    at client-661F308588AD7…EA0A19.cache.js:793
    at Array.forEach (<anonymous>)
    at tw (client-661F308588AD7…EA0A19.cache.js:793)
    at qv (client-661F308588AD7…EA0A19.cache.js:703)
    at Function.Ev (client-661F308588AD7…A0A19.cache.js:1037)
    at d (client-661F308588AD7…EA0A19.cache.js:679)
    at Map.forEach (<anonymous>)
    at rv (client-661F308588AD7…EA0A19.cache.js:691)
    at Gr (client-661F308588AD7…A0A19.cache.js:1033)
    at Hr (client-661F308588AD7…A0A19.cache.js:1014)
    at Ut.Wt [as yb] (client-661F308588AD7…A0A19.cache.js:1037)
    at tC.uC [as L] (client-661F308588AD7…A0A19.cache.js:1037)
    at XMLHttpRequest.<anonymous> (client-661F308588AD7…EA0A19.cache.js:615)
    at sb (client-661F308588AD7…EA0A19.cache.js:440)
    at vb (client-661F308588AD7…EA0A19.cache.js:897)
    at XMLHttpRequest.<anonymous> (client-661F308588AD7…EA0A19.cache.js:623)
(anonymous) @ client-661F308588AD7…EA0A19.cache.js:793
tw @ client-661F308588AD7…EA0A19.cache.js:793
qv @ client-661F308588AD7…EA0A19.cache.js:703
Ev @ client-661F308588AD7…A0A19.cache.js:1037
d @ client-661F308588AD7…EA0A19.cache.js:679
rv @ client-661F308588AD7…EA0A19.cache.js:691
Gr @ client-661F308588AD7…A0A19.cache.js:1033
Hr @ client-661F308588AD7…A0A19.cache.js:1014
Wt @ client-661F308588AD7…A0A19.cache.js:1037
uC @ client-661F308588AD7…A0A19.cache.js:1037
(anonymous) @ client-661F308588AD7…EA0A19.cache.js:615
sb @ client-661F308588AD7…EA0A19.cache.js:440
vb @ client-661F308588AD7…EA0A19.cache.js:897
(anonymous) @ client-661F308588AD7…EA0A19.cache.js:623
XMLHttpRequest.send (async)
sC @ client-661F308588AD7…EA0A19.cache.js:944
rC @ client-661F308588AD7…EA0A19.cache.js:578
Ot @ client-661F308588AD7…EA0A19.cache.js:968
ps @ client-661F308588AD7…EA0A19.cache.js:988
os @ client-661F308588AD7…EA0A19.cache.js:781
Dr @ client-661F308588AD7…EA0A19.cache.js:989
$r @ client-661F308588AD7…A0A19.cache.js:1037
Di @ client-661F308588AD7…A0A19.cache.js:1037
(anonymous) @ client-661F308588AD7…EA0A19.cache.js:478
sb @ client-661F308588AD7…EA0A19.cache.js:440
vb @ client-661F308588AD7…EA0A19.cache.js:897
(anonymous) @ client-661F308588AD7…EA0A19.cache.js:623
setTimeout (async)
Fi @ client-661F308588AD7…EA0A19.cache.js:441
xi @ client-661F308588AD7…EA0A19.cache.js:700
Gr @ client-661F308588AD7…A0A19.cache.js:1033
Hr @ client-661F308588AD7…A0A19.cache.js:1014
Wt @ client-661F308588AD7…A0A19.cache.js:1037
uC @ client-661F308588AD7…A0A19.cache.js:1037
(anonymous) @ client-661F308588AD7…EA0A19.cache.js:615
sb @ client-661F308588AD7…EA0A19.cache.js:440
vb @ client-661F308588AD7…EA0A19.cache.js:897
(anonymous) @ client-661F308588AD7…EA0A19.cache.js:623
XMLHttpRequest.send (async)
sC @ client-661F308588AD7…EA0A19.cache.js:944
rC @ client-661F308588AD7…EA0A19.cache.js:578
Ot @ client-661F308588AD7…EA0A19.cache.js:968
ps @ client-661F308588AD7…EA0A19.cache.js:988
ms @ client-661F308588AD7…EA0A19.cache.js:957
rs @ client-661F308588AD7…EA0A19.cache.js:921
at @ client-661F308588AD7…EA0A19.cache.js:922
Or @ client-661F308588AD7…A0A19.cache.js:1032
ds @ client-661F308588AD7…A0A19.cache.js:1037
tk @ client-661F308588AD7…EA0A19.cache.js:432
Gr @ client-661F308588AD7…A0A19.cache.js:1033
Hr @ client-661F308588AD7…A0A19.cache.js:1014
Wt @ client-661F308588AD7…A0A19.cache.js:1037
uC @ client-661F308588AD7…A0A19.cache.js:1037
(anonymous) @ client-661F308588AD7…EA0A19.cache.js:615
sb @ client-661F308588AD7…EA0A19.cache.js:440
vb @ client-661F308588AD7…EA0A19.cache.js:897
(anonymous) @ client-661F308588AD7…EA0A19.cache.js:623
XMLHttpRequest.send (async)
sC @ client-661F308588AD7…EA0A19.cache.js:944
rC @ client-661F308588AD7…EA0A19.cache.js:578
Ot @ client-661F308588AD7…EA0A19.cache.js:968
ps @ client-661F308588AD7…EA0A19.cache.js:988
os @ client-661F308588AD7…EA0A19.cache.js:781
Dr @ client-661F308588AD7…EA0A19.cache.js:989
$r @ client-661F308588AD7…A0A19.cache.js:1037
Di @ client-661F308588AD7…A0A19.cache.js:1037
(anonymous) @ client-661F308588AD7…EA0A19.cache.js:478
sb @ client-661F308588AD7…EA0A19.cache.js:440
vb @ client-661F308588AD7…EA0A19.cache.js:897
(anonymous) @ client-661F308588AD7…EA0A19.cache.js:623
setTimeout (async)
Fi @ client-661F308588AD7…EA0A19.cache.js:441
xi @ client-661F308588AD7…EA0A19.cache.js:700
Gr @ client-661F308588AD7…A0A19.cache.js:1033
Hr @ client-661F308588AD7…A0A19.cache.js:1014
Wt @ client-661F308588AD7…A0A19.cache.js:1037
uC @ client-661F308588AD7…A0A19.cache.js:1037
(anonymous) @ client-661F308588AD7…EA0A19.cache.js:615
sb @ client-661F308588AD7…EA0A19.cache.js:440
vb @ client-661F308588AD7…EA0A19.cache.js:897
(anonymous) @ client-661F308588AD7…EA0A19.cache.js:623
XMLHttpRequest.send (async)
sC @ client-661F308588AD7…EA0A19.cache.js:944
rC @ client-661F308588AD7…EA0A19.cache.js:578
Ot @ client-661F308588AD7…EA0A19.cache.js:968
ps @ client-661F308588AD7…EA0A19.cache.js:988
ms @ client-661F308588AD7…EA0A19.cache.js:957
rs @ client-661F308588AD7…EA0A19.cache.js:921
at @ client-661F308588AD7…EA0A19.cache.js:922
Or @ client-661F308588AD7…A0A19.cache.js:1032
ds @ client-661F308588AD7…A0A19.cache.js:1037
tk @ client-661F308588AD7…EA0A19.cache.js:432
Gr @ client-661F308588AD7…A0A19.cache.js:1033
Hr @ client-661F308588AD7…A0A19.cache.js:1014
Wt @ client-661F308588AD7…A0A19.cache.js:1037
uC @ client-661F308588AD7…A0A19.cache.js:1037
(anonymous) @ client-661F308588AD7…EA0A19.cache.js:615
sb @ client-661F308588AD7…EA0A19.cache.js:440
vb @ client-661F308588AD7…EA0A19.cache.js:897
(anonymous) @ client-661F308588AD7…EA0A19.cache.js:623
XMLHttpRequest.send (async)
sC @ client-661F308588AD7…EA0A19.cache.js:944
rC @ client-661F308588AD7…EA0A19.cache.js:578
Ot @ client-661F308588AD7…EA0A19.cache.js:968
ps @ client-661F308588AD7…EA0A19.cache.js:988
os @ client-661F308588AD7…EA0A19.cache.js:781
Dr @ client-661F308588AD7…EA0A19.cache.js:989
$r @ client-661F308588AD7…A0A19.cache.js:1037
Di @ client-661F308588AD7…A0A19.cache.js:1037
(anonymous) @ client-661F308588AD7…EA0A19.cache.js:478
sb @ client-661F308588AD7…EA0A19.cache.js:440
vb @ client-661F308588AD7…EA0A19.cache.js:897
(anonymous) @ client-661F308588AD7…EA0A19.cache.js:623
setTimeout (async)
Fi @ client-661F308588AD7…EA0A19.cache.js:441
xi @ client-661F308588AD7…EA0A19.cache.js:700
Gr @ client-661F308588AD7…A0A19.cache.js:1033
Hr @ client-661F308588AD7…A0A19.cache.js:1014
Wt @ client-661F308588AD7…A0A19.cache.js:1037
uC @ client-661F308588AD7…A0A19.cache.js:1037
(anonymous) @ client-661F308588AD7…EA0A19.cache.js:615
sb @ client-661F308588AD7…EA0A19.cache.js:440
vb @ client-661F308588AD7…EA0A19.cache.js:897
(anonymous) @ client-661F308588AD7…EA0A19.cache.js:623
XMLHttpRequest.send (async)
sC @ client-661F308588AD7…EA0A19.cache.js:944
rC @ client-661F308588AD7…EA0A19.cache.js:578
Ot @ client-661F308588AD7…EA0A19.cache.js:968
ps @ client-661F308588AD7…EA0A19.cache.js:988
ms @ client-661F308588AD7…EA0A19.cache.js:957
rs @ client-661F308588AD7…EA0A19.cache.js:921
at @ client-661F308588AD7…EA0A19.cache.js:922
Or @ client-661F308588AD7…A0A19.cache.js:1032
ds @ client-661F308588AD7…A0A19.cache.js:1037
tk @ client-661F308588AD7…EA0A19.cache.js:432
Gr @ client-661F308588AD7…A0A19.cache.js:1033
Hr @ client-661F308588AD7…A0A19.cache.js:1014
Wt @ client-661F308588AD7…A0A19.cache.js:1037
uC @ client-661F308588AD7…A0A19.cache.js:1037
(anonymous) @ client-661F308588AD7…EA0A19.cache.js:615
sb @ client-661F308588AD7…EA0A19.cache.js:440
vb @ client-661F308588AD7…EA0A19.cache.js:897
(anonymous) @ client-661F308588AD7…EA0A19.cache.js:623
XMLHttpRequest.send (async)
sC @ client-661F308588AD7…EA0A19.cache.js:944
rC @ client-661F308588AD7…EA0A19.cache.js:578
Ot @ client-661F308588AD7…EA0A19.cache.js:968
ps @ client-661F308588AD7…EA0A19.cache.js:988
os @ client-661F308588AD7…EA0A19.cache.js:781
Dr @ client-661F308588AD7…EA0A19.cache.js:989
$r @ client-661F308588AD7…A0A19.cache.js:1037
Di @ client-661F308588AD7…A0A19.cache.js:1037
(anonymous) @ client-661F308588AD7…EA0A19.cache.js:478
sb @ client-661F308588AD7…EA0A19.cache.js:440
vb @ client-661F308588AD7…EA0A19.cache.js:897
(anonymous) @ client-661F308588AD7…EA0A19.cache.js:623
setTimeout (async)
Fi @ client-661F308588AD7…EA0A19.cache.js:441
xi @ client-661F308588AD7…EA0A19.cache.js:700
Gr @ client-661F308588AD7…A0A19.cache.js:1033
Hr @ client-661F308588AD7…A0A19.cache.js:1014
Wt @ client-661F308588AD7…A0A19.cache.js:1037
uC @ client-661F308588AD7…A0A19.cache.js:1037
(anonymous) @ client-661F308588AD7…EA0A19.cache.js:615
sb @ client-661F308588AD7…EA0A19.cache.js:440
vb @ client-661F308588AD7…EA0A19.cache.js:897
(anonymous) @ client-661F308588AD7…EA0A19.cache.js:623
XMLHttpRequest.send (async)
sC @ client-661F308588AD7…EA0A19.cache.js:944
rC @ client-661F308588AD7…EA0A19.cache.js:578
Ot @ client-661F308588AD7…EA0A19.cache.js:968
ps @ client-661F308588AD7…EA0A19.cache.js:988
ms @ client-661F308588AD7…EA0A19.cache.js:957
rs @ client-661F308588AD7…EA0A19.cache.js:921
Ft @ client-661F308588AD7…EA0A19.cache.js:571
Jt @ client-661F308588AD7…A0A19.cache.js:1037
Nt @ client-661F308588AD7…A0A19.cache.js:1037
Ob @ client-661F308588AD7…EA0A19.cache.js:981
Hb @ client-661F308588AD7…EA0A19.cache.js:683
Sb @ client-661F308588AD7…A0A19.cache.js:1037
Mb @ client-661F308588AD7…EA0A19.cache.js:209
sb @ client-661F308588AD7…EA0A19.cache.js:440
vb @ client-661F308588AD7…EA0A19.cache.js:897
(anonymous) @ client-661F308588AD7…EA0A19.cache.js:623
d @ client-661F308588AD7…EA0A19.cache.js:713
setTimeout (async)
Pb @ client-661F308588AD7…EA0A19.cache.js:714
Jb @ client-661F308588AD7…EA0A19.cache.js:716
po @ client-661F308588AD7…EA0A19.cache.js:597
Gt @ client-661F308588AD7…EA0A19.cache.js:706
vt @ client-661F308588AD7…EA0A19.cache.js:525
yt @ client-661F308588AD7…EA0A19.cache.js:905
Cv @ client-661F308588AD7…A0A19.cache.js:1037
(anonymous) @ client-661F308588AD7…EA0A19.cache.js:995
sb @ client-661F308588AD7…EA0A19.cache.js:440
vb @ client-661F308588AD7…EA0A19.cache.js:897
(anonymous) @ client-661F308588AD7…EA0A19.cache.js:623
requestData @ comboBoxConnector.js:51
comboBox.dataProvider @ comboBoxConnector.js:156
_loadPage @ vaadin-combo-box-dat…ovider-mixin.js:216
_ensureFirstPage @ vaadin-combo-box-dat…ovider-mixin.js:145
runMethodEffect @ property-effects.js:829
runEffectsForProperty @ property-effects.js:167
runEffects @ property-effects.js:131
_propertiesChanged @ property-effects.js:1702
Dx.s._propertiesChanged @ client-661F308588AD7…A0A19.cache.js:1037
_flushProperties @ properties-changed.js:360
_flushProperties @ property-effects.js:1546
_invalidateProperties @ property-effects.js:1516
_setProperty @ property-effects.js:1501
Object.defineProperty.set @ properties-changed.js:159
open @ vaadin-combo-box-mixin.js:371
_onClick @ vaadin-combo-box-mixin.js:425
​ Server visit took 21.4ms
​ JSON parsing took 0ms
​ Received xhr message: for(;;);[{"syncId":15,"clientId":10,"execute":[["",[0,41],"return (function() { this._selectedKey=$0}).apply($1)"],[0,null,[0,41],"return (function() { this.$server['}p']($0, true, $1)}).apply($2)"],[[0,41],0,"return $0.$connector.updateSize($1)"],[[0,41],0,[1,[]],"","return $0.$connector.set($1,$2,$3)"],[[0,41],9,"","return $0.$connector.confirm($1,$2)"]],"timings":[590,15]}]
​ Received message with server id 15 but expected 14. Postponing handling until the missing message(s) have been received
